<?xml version="1.0" encoding="UTF-8"?>
<testsuite xmlns:xsi="http://www.w3.org/2001/XMLSchema-instance" xsi:noNamespaceSchemaLocation="https://maven.apache.org/surefire/maven-surefire-plugin/xsd/surefire-test-report-3.0.xsd" version="3.0" name="com.luckyl.wargame.service.PlayerServiceImplTest" time="14.472" tests="24" errors="0" skipped="0" failures="10">
  <properties>
[...]
</properties>
  <testcase name="removePlayer" classname="com.luckyl.wargame.service.PlayerServiceImplTest" time="0.772">
    <system-out><![CDATA[23:19:21.619 [main] DEBUG org.springframework.test.context.BootstrapUtils - Instantiating CacheAwareContextLoaderDelegate from class [org.springframework.test.context.cache.DefaultCacheAwareContextLoaderDelegate]
23:19:21.632 [main] DEBUG org.springframework.test.context.BootstrapUtils - Instantiating BootstrapContext using constructor [public org.springframework.test.context.support.DefaultBootstrapContext(java.lang.Class,org.springframework.test.context.CacheAwareContextLoaderDelegate)]
23:19:21.692 [main] DEBUG org.springframework.test.context.BootstrapUtils - Instantiating TestContextBootstrapper for test class [com.luckyl.wargame.service.PlayerServiceImplTest] from class [org.springframework.boot.test.autoconfigure.orm.jpa.DataJpaTestContextBootstrapper]
23:19:21.725 [main] INFO org.springframework.boot.test.autoconfigure.orm.jpa.DataJpaTestContextBootstrapper - Neither @ContextConfiguration nor @ContextHierarchy found for test class [com.luckyl.wargame.service.PlayerServiceImplTest], using SpringBootContextLoader
23:19:21.732 [main] DEBUG org.springframework.test.context.support.AbstractContextLoader - Did not detect default resource location for test class [com.luckyl.wargame.service.PlayerServiceImplTest]: class path resource [com/luckyl/wargame/service/PlayerServiceImplTest-context.xml] does not exist
23:19:21.733 [main] DEBUG org.springframework.test.context.support.AbstractContextLoader - Did not detect default resource location for test class [com.luckyl.wargame.service.PlayerServiceImplTest]: class path resource [com/luckyl/wargame/service/PlayerServiceImplTestContext.groovy] does not exist
23:19:21.733 [main] INFO org.springframework.test.context.support.AbstractContextLoader - Could not detect default resource locations for test class [com.luckyl.wargame.service.PlayerServiceImplTest]: no resource found for suffixes {-context.xml, Context.groovy}.
23:19:21.735 [main] INFO org.springframework.test.context.support.AnnotationConfigContextLoaderUtils - Could not detect default configuration classes for test class [com.luckyl.wargame.service.PlayerServiceImplTest]: PlayerServiceImplTest does not declare any static, non-private, non-final, nested classes annotated with @Configuration.
23:19:21.828 [main] DEBUG org.springframework.test.context.support.ActiveProfilesUtils - Could not find an 'annotation declaring class' for annotation type [org.springframework.test.context.ActiveProfiles] and class [com.luckyl.wargame.service.PlayerServiceImplTest]
23:19:21.892 [main] DEBUG org.springframework.context.annotation.ClassPathScanningCandidateComponentProvider - Identified candidate component class: file [/Users/kevinapril/git/wargame/wargame-service/target/test-classes/com/luckyl/wargame/TestApplication.class]
23:19:21.896 [main] INFO org.springframework.boot.test.context.SpringBootTestContextBootstrapper - Found @SpringBootConfiguration com.luckyl.wargame.TestApplication for test class com.luckyl.wargame.service.PlayerServiceImplTest
23:19:21.898 [main] DEBUG org.springframework.boot.test.autoconfigure.orm.jpa.DataJpaTestContextBootstrapper - @TestExecutionListeners is not present for class [com.luckyl.wargame.service.PlayerServiceImplTest]: using defaults.
23:19:21.899 [main] INFO org.springframework.boot.test.autoconfigure.orm.jpa.DataJpaTestContextBootstrapper - Loaded default TestExecutionListener class names from location [META-INF/spring.factories]: [org.springframework.boot.test.mock.mockito.MockitoTestExecutionListener, org.springframework.boot.test.mock.mockito.ResetMocksTestExecutionListener, org.springframework.boot.test.autoconfigure.restdocs.RestDocsTestExecutionListener, org.springframework.boot.test.autoconfigure.web.client.MockRestServiceServerResetTestExecutionListener, org.springframework.boot.test.autoconfigure.web.servlet.MockMvcPrintOnlyOnFailureTestExecutionListener, org.springframework.boot.test.autoconfigure.web.servlet.WebDriverTestExecutionListener, org.springframework.test.context.web.ServletTestExecutionListener, org.springframework.test.context.support.DirtiesContextBeforeModesTestExecutionListener, org.springframework.test.context.support.DependencyInjectionTestExecutionListener, org.springframework.test.context.support.DirtiesContextTestExecutionListener, org.springframework.test.context.transaction.TransactionalTestExecutionListener, org.springframework.test.context.jdbc.SqlScriptsTestExecutionListener, org.springframework.test.context.event.EventPublishingTestExecutionListener]
23:19:21.912 [main] DEBUG org.springframework.boot.test.autoconfigure.orm.jpa.DataJpaTestContextBootstrapper - Skipping candidate TestExecutionListener [org.springframework.test.context.web.ServletTestExecutionListener] due to a missing dependency. Specify custom listener classes or make the default listener classes and their required dependencies available. Offending class: [org/springframework/web/context/request/RequestAttributes]
23:19:21.919 [main] INFO org.springframework.boot.test.autoconfigure.orm.jpa.DataJpaTestContextBootstrapper - Using TestExecutionListeners: [org.springframework.test.context.support.DirtiesContextBeforeModesTestExecutionListener@2f666ebb, org.springframework.boot.test.mock.mockito.MockitoTestExecutionListener@19976a65, org.springframework.boot.test.autoconfigure.SpringBootDependencyInjectionTestExecutionListener@a1f72f5, org.springframework.test.context.support.DirtiesContextTestExecutionListener@4b2c5e02, org.springframework.test.context.transaction.TransactionalTestExecutionListener@57a3e26a, org.springframework.test.context.jdbc.SqlScriptsTestExecutionListener@75c56eb9, org.springframework.test.context.event.EventPublishingTestExecutionListener@4bc222e, org.springframework.boot.test.mock.mockito.ResetMocksTestExecutionListener@2dc9b0f5, org.springframework.boot.test.autoconfigure.restdocs.RestDocsTestExecutionListener@6531a794, org.springframework.boot.test.autoconfigure.web.client.MockRestServiceServerResetTestExecutionListener@3b5fad2d, org.springframework.boot.test.autoconfigure.web.servlet.MockMvcPrintOnlyOnFailureTestExecutionListener@5e17553a, org.springframework.boot.test.autoconfigure.web.servlet.WebDriverTestExecutionListener@3eb91815]
23:19:21.924 [main] DEBUG org.springframework.test.context.support.AbstractDirtiesContextTestExecutionListener - Before test class: context [DefaultTestContext@2bec854f testClass = PlayerServiceImplTest, testInstance = [null], testMethod = [null], testException = [null], mergedContextConfiguration = [MergedContextConfiguration@31edaa7d testClass = PlayerServiceImplTest, locations = '{}', classes = '{class com.luckyl.wargame.TestApplication}', contextInitializerClasses = '[]', activeProfiles = '{}', propertySourceLocations = '{}', propertySourceProperties = '{logging.level.org.hibernate.SQL=DEBUG, logging.level.org.hibernate.type.descriptor.sql.BasicBinder=TRACE, org.springframework.boot.test.autoconfigure.orm.jpa.DataJpaTestContextBootstrapper=true}', contextCustomizers = set[[ImportsContextCustomizer@26adfd2d key = [org.springframework.boot.autoconfigure.cache.CacheAutoConfiguration, org.springframework.boot.autoconfigure.data.jpa.JpaRepositoriesAutoConfiguration, org.springframework.boot.autoconfigure.flyway.FlywayAutoConfiguration, org.springframework.boot.autoconfigure.jdbc.DataSourceAutoConfiguration, org.springframework.boot.autoconfigure.jdbc.DataSourceTransactionManagerAutoConfiguration, org.springframework.boot.autoconfigure.jdbc.JdbcTemplateAutoConfiguration, org.springframework.boot.autoconfigure.liquibase.LiquibaseAutoConfiguration, org.springframework.boot.autoconfigure.orm.jpa.HibernateJpaAutoConfiguration, org.springframework.boot.autoconfigure.transaction.TransactionAutoConfiguration, org.springframework.boot.test.autoconfigure.jdbc.TestDatabaseAutoConfiguration, org.springframework.boot.test.autoconfigure.orm.jpa.TestEntityManagerAutoConfiguration]], org.springframework.boot.test.context.filter.ExcludeFilterContextCustomizer@1e0b4072, org.springframework.boot.test.json.DuplicateJsonObjectContextCustomizerFactory$DuplicateJsonObjectContextCustomizer@4b45a2f5, org.springframework.boot.test.mock.mockito.MockitoContextCustomizer@0, org.springframework.boot.test.autoconfigure.OverrideAutoConfigurationContextCustomizerFactory$DisableAutoConfigurationContextCustomizer@3e27aa33, org.springframework.boot.test.autoconfigure.filter.TypeExcludeFiltersContextCustomizer@8c5e899a, org.springframework.boot.test.autoconfigure.properties.PropertyMappingContextCustomizer@2d38751a, org.springframework.boot.test.autoconfigure.web.servlet.WebDriverContextCustomizerFactory$Customizer@cb0755b], contextLoader = 'org.springframework.boot.test.context.SpringBootContextLoader', parent = [null]], attributes = map[[empty]]], class annotated with @DirtiesContext [true] with mode [BEFORE_EACH_TEST_METHOD].
23:19:21.940 [main] DEBUG org.springframework.test.context.support.DependencyInjectionTestExecutionListener - Performing dependency injection for test context [[DefaultTestContext@2bec854f testClass = PlayerServiceImplTest, testInstance = com.luckyl.wargame.service.PlayerServiceImplTest@6692b6c6, testMethod = [null], testException = [null], mergedContextConfiguration = [MergedContextConfiguration@31edaa7d testClass = PlayerServiceImplTest, locations = '{}', classes = '{class com.luckyl.wargame.TestApplication}', contextInitializerClasses = '[]', activeProfiles = '{}', propertySourceLocations = '{}', propertySourceProperties = '{logging.level.org.hibernate.SQL=DEBUG, logging.level.org.hibernate.type.descriptor.sql.BasicBinder=TRACE, org.springframework.boot.test.autoconfigure.orm.jpa.DataJpaTestContextBootstrapper=true}', contextCustomizers = set[[ImportsContextCustomizer@26adfd2d key = [org.springframework.boot.autoconfigure.cache.CacheAutoConfiguration, org.springframework.boot.autoconfigure.data.jpa.JpaRepositoriesAutoConfiguration, org.springframework.boot.autoconfigure.flyway.FlywayAutoConfiguration, org.springframework.boot.autoconfigure.jdbc.DataSourceAutoConfiguration, org.springframework.boot.autoconfigure.jdbc.DataSourceTransactionManagerAutoConfiguration, org.springframework.boot.autoconfigure.jdbc.JdbcTemplateAutoConfiguration, org.springframework.boot.autoconfigure.liquibase.LiquibaseAutoConfiguration, org.springframework.boot.autoconfigure.orm.jpa.HibernateJpaAutoConfiguration, org.springframework.boot.autoconfigure.transaction.TransactionAutoConfiguration, org.springframework.boot.test.autoconfigure.jdbc.TestDatabaseAutoConfiguration, org.springframework.boot.test.autoconfigure.orm.jpa.TestEntityManagerAutoConfiguration]], org.springframework.boot.test.context.filter.ExcludeFilterContextCustomizer@1e0b4072, org.springframework.boot.test.json.DuplicateJsonObjectContextCustomizerFactory$DuplicateJsonObjectContextCustomizer@4b45a2f5, org.springframework.boot.test.mock.mockito.MockitoContextCustomizer@0, org.springframework.boot.test.autoconfigure.OverrideAutoConfigurationContextCustomizerFactory$DisableAutoConfigurationContextCustomizer@3e27aa33, org.springframework.boot.test.autoconfigure.filter.TypeExcludeFiltersContextCustomizer@8c5e899a, org.springframework.boot.test.autoconfigure.properties.PropertyMappingContextCustomizer@2d38751a, org.springframework.boot.test.autoconfigure.web.servlet.WebDriverContextCustomizerFactory$Customizer@cb0755b], contextLoader = 'org.springframework.boot.test.context.SpringBootContextLoader', parent = [null]], attributes = map[[empty]]]].
23:19:22.059 [main] DEBUG org.springframework.test.context.support.TestPropertySourceUtils - Adding inlined properties to environment: {spring.jmx.enabled=false, logging.level.org.hibernate.SQL=DEBUG, logging.level.org.hibernate.type.descriptor.sql.BasicBinder=TRACE, org.springframework.boot.test.autoconfigure.orm.jpa.DataJpaTestContextBootstrapper=true, server.port=-1}

  .   ____          _            __ _ _
 /\\ / ___'_ __ _ _(_)_ __  __ _ \ \ \ \
( ( )\___ | '_ | '_| | '_ \/ _` | \ \ \ \
 \\/  ___)| |_)| | | | | || (_| |  ) ) ) )
  '  |____| .__|_| |_|_| |_\__, | / / / /
 =========|_|==============|___/=/_/_/_/
 :: Spring Boot ::        (v2.2.6.RELEASE)

2020-12-02 23:19:22.586  INFO 43721 --- [           main] c.l.w.service.PlayerServiceImplTest      : Starting PlayerServiceImplTest on Aprils-MacBook-Air.local with PID 43721 (started by kevinapril in /Users/kevinapril/git/wargame/wargame-service)
2020-12-02 23:19:22.588  INFO 43721 --- [           main] c.l.w.service.PlayerServiceImplTest      : No active profile set, falling back to default profiles: default
2020-12-02 23:19:23.070  INFO 43721 --- [           main] .s.d.r.c.RepositoryConfigurationDelegate : Bootstrapping Spring Data JPA repositories in DEFAULT mode.
2020-12-02 23:19:23.161  INFO 43721 --- [           main] .s.d.r.c.RepositoryConfigurationDelegate : Finished Spring Data repository scanning in 78ms. Found 3 JPA repository interfaces.
2020-12-02 23:19:23.218  INFO 43721 --- [           main] beddedDataSourceBeanFactoryPostProcessor : Replacing 'dataSource' DataSource bean with embedded version
2020-12-02 23:19:23.426  INFO 43721 --- [           main] o.s.j.d.e.EmbeddedDatabaseFactory        : Starting embedded database: url='jdbc:h2:mem:6d48bf15-0f81-405e-9582-197bae821371;DB_CLOSE_DELAY=-1;DB_CLOSE_ON_EXIT=false', username='sa'
2020-12-02 23:19:23.897  INFO 43721 --- [           main] o.hibernate.jpa.internal.util.LogHelper  : HHH000204: Processing PersistenceUnitInfo [name: default]
2020-12-02 23:19:24.009  INFO 43721 --- [           main] org.hibernate.Version                    : HHH000412: Hibernate ORM core version 5.4.12.Final
2020-12-02 23:19:24.214  INFO 43721 --- [           main] o.hibernate.annotations.common.Version   : HCANN000001: Hibernate Commons Annotations {5.1.0.Final}
2020-12-02 23:19:24.375  INFO 43721 --- [           main] org.hibernate.dialect.Dialect            : HHH000400: Using dialect: org.hibernate.dialect.H2Dialect
2020-12-02 23:19:25.149 DEBUG 43721 --- [           main] org.hibernate.SQL                        : drop table location if exists
Hibernate: drop table location if exists
2020-12-02 23:19:25.151 DEBUG 43721 --- [           main] org.hibernate.SQL                        : drop table piece if exists
Hibernate: drop table piece if exists
2020-12-02 23:19:25.151 DEBUG 43721 --- [           main] org.hibernate.SQL                        : drop table player if exists
Hibernate: drop table player if exists
2020-12-02 23:19:25.154 DEBUG 43721 --- [           main] org.hibernate.SQL                        : create table location (piece_col integer not null, piece_row integer not null, version bigint, piece_color varchar(255), piece_rank integer, primary key (piece_col, piece_row))
Hibernate: create table location (piece_col integer not null, piece_row integer not null, version bigint, piece_color varchar(255), piece_rank integer, primary key (piece_col, piece_row))
2020-12-02 23:19:25.162 DEBUG 43721 --- [           main] org.hibernate.SQL                        : create table piece (color varchar(255) not null, rank integer not null, current_count integer, max_count integer, version bigint, primary key (color, rank))
Hibernate: create table piece (color varchar(255) not null, rank integer not null, current_count integer, max_count integer, version bigint, primary key (color, rank))
2020-12-02 23:19:25.164 DEBUG 43721 --- [           main] org.hibernate.SQL                        : create table player (id binary not null, color varchar(255), name varchar(255), version bigint, wins integer, primary key (id))
Hibernate: create table player (id binary not null, color varchar(255), name varchar(255), version bigint, wins integer, primary key (id))
2020-12-02 23:19:25.166 DEBUG 43721 --- [           main] org.hibernate.SQL                        : alter table location add constraint FKh7n4c5044va5r87h6dxrbbbcq foreign key (piece_color, piece_rank) references piece
Hibernate: alter table location add constraint FKh7n4c5044va5r87h6dxrbbbcq foreign key (piece_color, piece_rank) references piece
2020-12-02 23:19:25.175  INFO 43721 --- [           main] o.h.e.t.j.p.i.JtaPlatformInitiator       : HHH000490: Using JtaPlatform implementation: [org.hibernate.engine.transaction.jta.platform.internal.NoJtaPlatform]
2020-12-02 23:19:25.184  INFO 43721 --- [           main] j.LocalContainerEntityManagerFactoryBean : Initialized JPA EntityManagerFactory for persistence unit 'default'
2020-12-02 23:19:25.867  INFO 43721 --- [           main] c.l.w.service.PlayerServiceImplTest      : Started PlayerServiceImplTest in 3.805 seconds (JVM running for 5.156)
2020-12-02 23:19:25.882  INFO 43721 --- [           main] j.LocalContainerEntityManagerFactoryBean : Closing JPA EntityManagerFactory for persistence unit 'default'
2020-12-02 23:19:25.883  INFO 43721 --- [           main] .SchemaDropperImpl$DelayedDropActionImpl : HHH000477: Starting delayed evictData of schema as part of SessionFactory shut-down'
2020-12-02 23:19:25.884 DEBUG 43721 --- [           main] org.hibernate.SQL                        : drop table location if exists
Hibernate: drop table location if exists
2020-12-02 23:19:25.891 DEBUG 43721 --- [           main] org.hibernate.SQL                        : drop table piece if exists
Hibernate: drop table piece if exists
2020-12-02 23:19:25.892 DEBUG 43721 --- [           main] org.hibernate.SQL                        : drop table player if exists
Hibernate: drop table player if exists

  .   ____          _            __ _ _
 /\\ / ___'_ __ _ _(_)_ __  __ _ \ \ \ \
( ( )\___ | '_ | '_| | '_ \/ _` | \ \ \ \
 \\/  ___)| |_)| | | | | || (_| |  ) ) ) )
  '  |____| .__|_| |_|_| |_\__, | / / / /
 =========|_|==============|___/=/_/_/_/
 :: Spring Boot ::        (v2.2.6.RELEASE)

2020-12-02 23:19:25.928  INFO 43721 --- [           main] c.l.w.service.PlayerServiceImplTest      : Starting PlayerServiceImplTest on Aprils-MacBook-Air.local with PID 43721 (started by kevinapril in /Users/kevinapril/git/wargame/wargame-service)
2020-12-02 23:19:25.929  INFO 43721 --- [           main] c.l.w.service.PlayerServiceImplTest      : No active profile set, falling back to default profiles: default
2020-12-02 23:19:26.034  INFO 43721 --- [           main] .s.d.r.c.RepositoryConfigurationDelegate : Bootstrapping Spring Data JPA repositories in DEFAULT mode.
2020-12-02 23:19:26.047  INFO 43721 --- [           main] .s.d.r.c.RepositoryConfigurationDelegate : Finished Spring Data repository scanning in 12ms. Found 3 JPA repository interfaces.
2020-12-02 23:19:26.065  INFO 43721 --- [           main] beddedDataSourceBeanFactoryPostProcessor : Replacing 'dataSource' DataSource bean with embedded version
2020-12-02 23:19:26.088  INFO 43721 --- [           main] o.s.j.d.e.EmbeddedDatabaseFactory        : Starting embedded database: url='jdbc:h2:mem:9a17d206-6e73-4aea-9c46-586f3cbf27c7;DB_CLOSE_DELAY=-1;DB_CLOSE_ON_EXIT=false', username='sa'
2020-12-02 23:19:26.165  INFO 43721 --- [           main] o.hibernate.jpa.internal.util.LogHelper  : HHH000204: Processing PersistenceUnitInfo [name: default]
2020-12-02 23:19:26.171  INFO 43721 --- [           main] org.hibernate.dialect.Dialect            : HHH000400: Using dialect: org.hibernate.dialect.H2Dialect
2020-12-02 23:19:26.260 DEBUG 43721 --- [           main] org.hibernate.SQL                        : drop table location if exists
Hibernate: drop table location if exists
2020-12-02 23:19:26.260 DEBUG 43721 --- [           main] org.hibernate.SQL                        : drop table piece if exists
Hibernate: drop table piece if exists
2020-12-02 23:19:26.261 DEBUG 43721 --- [           main] org.hibernate.SQL                        : drop table player if exists
Hibernate: drop table player if exists
2020-12-02 23:19:26.261 DEBUG 43721 --- [           main] org.hibernate.SQL                        : create table location (piece_col integer not null, piece_row integer not null, version bigint, piece_color varchar(255), piece_rank integer, primary key (piece_col, piece_row))
Hibernate: create table location (piece_col integer not null, piece_row integer not null, version bigint, piece_color varchar(255), piece_rank integer, primary key (piece_col, piece_row))
2020-12-02 23:19:26.262 DEBUG 43721 --- [           main] org.hibernate.SQL                        : create table piece (color varchar(255) not null, rank integer not null, current_count integer, max_count integer, version bigint, primary key (color, rank))
Hibernate: create table piece (color varchar(255) not null, rank integer not null, current_count integer, max_count integer, version bigint, primary key (color, rank))
2020-12-02 23:19:26.264 DEBUG 43721 --- [           main] org.hibernate.SQL                        : create table player (id binary not null, color varchar(255), name varchar(255), version bigint, wins integer, primary key (id))
Hibernate: create table player (id binary not null, color varchar(255), name varchar(255), version bigint, wins integer, primary key (id))
2020-12-02 23:19:26.265 DEBUG 43721 --- [           main] org.hibernate.SQL                        : alter table location add constraint FKh7n4c5044va5r87h6dxrbbbcq foreign key (piece_color, piece_rank) references piece
Hibernate: alter table location add constraint FKh7n4c5044va5r87h6dxrbbbcq foreign key (piece_color, piece_rank) references piece
2020-12-02 23:19:26.267  INFO 43721 --- [           main] o.h.e.t.j.p.i.JtaPlatformInitiator       : HHH000490: Using JtaPlatform implementation: [org.hibernate.engine.transaction.jta.platform.internal.NoJtaPlatform]
2020-12-02 23:19:26.268  INFO 43721 --- [           main] j.LocalContainerEntityManagerFactoryBean : Initialized JPA EntityManagerFactory for persistence unit 'default'
2020-12-02 23:19:26.462  INFO 43721 --- [           main] c.l.w.service.PlayerServiceImplTest      : Started PlayerServiceImplTest in 0.562 seconds (JVM running for 5.752)
2020-12-02 23:19:26.477  INFO 43721 --- [           main] o.s.t.c.transaction.TransactionContext   : Began transaction (1) for test context [DefaultTestContext@2bec854f testClass = PlayerServiceImplTest, testInstance = com.luckyl.wargame.service.PlayerServiceImplTest@6692b6c6, testMethod = removePlayer@PlayerServiceImplTest, testException = [null], mergedContextConfiguration = [MergedContextConfiguration@31edaa7d testClass = PlayerServiceImplTest, locations = '{}', classes = '{class com.luckyl.wargame.TestApplication}', contextInitializerClasses = '[]', activeProfiles = '{}', propertySourceLocations = '{}', propertySourceProperties = '{logging.level.org.hibernate.SQL=DEBUG, logging.level.org.hibernate.type.descriptor.sql.BasicBinder=TRACE, org.springframework.boot.test.autoconfigure.orm.jpa.DataJpaTestContextBootstrapper=true}', contextCustomizers = set[[ImportsContextCustomizer@26adfd2d key = [org.springframework.boot.autoconfigure.cache.CacheAutoConfiguration, org.springframework.boot.autoconfigure.data.jpa.JpaRepositoriesAutoConfiguration, org.springframework.boot.autoconfigure.flyway.FlywayAutoConfiguration, org.springframework.boot.autoconfigure.jdbc.DataSourceAutoConfiguration, org.springframework.boot.autoconfigure.jdbc.DataSourceTransactionManagerAutoConfiguration, org.springframework.boot.autoconfigure.jdbc.JdbcTemplateAutoConfiguration, org.springframework.boot.autoconfigure.liquibase.LiquibaseAutoConfiguration, org.springframework.boot.autoconfigure.orm.jpa.HibernateJpaAutoConfiguration, org.springframework.boot.autoconfigure.transaction.TransactionAutoConfiguration, org.springframework.boot.test.autoconfigure.jdbc.TestDatabaseAutoConfiguration, org.springframework.boot.test.autoconfigure.orm.jpa.TestEntityManagerAutoConfiguration]], org.springframework.boot.test.context.filter.ExcludeFilterContextCustomizer@1e0b4072, org.springframework.boot.test.json.DuplicateJsonObjectContextCustomizerFactory$DuplicateJsonObjectContextCustomizer@4b45a2f5, org.springframework.boot.test.mock.mockito.MockitoContextCustomizer@0, org.springframework.boot.test.autoconfigure.OverrideAutoConfigurationContextCustomizerFactory$DisableAutoConfigurationContextCustomizer@3e27aa33, org.springframework.boot.test.autoconfigure.filter.TypeExcludeFiltersContextCustomizer@8c5e899a, org.springframework.boot.test.autoconfigure.properties.PropertyMappingContextCustomizer@2d38751a, org.springframework.boot.test.autoconfigure.web.servlet.WebDriverContextCustomizerFactory$Customizer@cb0755b], contextLoader = 'org.springframework.boot.test.context.SpringBootContextLoader', parent = [null]], attributes = map[[empty]]]; transaction manager [org.springframework.orm.jpa.JpaTransactionManager@1736273c]; rollback [true]
2020-12-02 23:19:26.642  INFO 43721 --- [           main] o.s.t.c.transaction.TransactionContext   : Rolled back transaction for test: [DefaultTestContext@2bec854f testClass = PlayerServiceImplTest, testInstance = com.luckyl.wargame.service.PlayerServiceImplTest@6692b6c6, testMethod = removePlayer@PlayerServiceImplTest, testException = [null], mergedContextConfiguration = [MergedContextConfiguration@31edaa7d testClass = PlayerServiceImplTest, locations = '{}', classes = '{class com.luckyl.wargame.TestApplication}', contextInitializerClasses = '[]', activeProfiles = '{}', propertySourceLocations = '{}', propertySourceProperties = '{logging.level.org.hibernate.SQL=DEBUG, logging.level.org.hibernate.type.descriptor.sql.BasicBinder=TRACE, org.springframework.boot.test.autoconfigure.orm.jpa.DataJpaTestContextBootstrapper=true}', contextCustomizers = set[[ImportsContextCustomizer@26adfd2d key = [org.springframework.boot.autoconfigure.cache.CacheAutoConfiguration, org.springframework.boot.autoconfigure.data.jpa.JpaRepositoriesAutoConfiguration, org.springframework.boot.autoconfigure.flyway.FlywayAutoConfiguration, org.springframework.boot.autoconfigure.jdbc.DataSourceAutoConfiguration, org.springframework.boot.autoconfigure.jdbc.DataSourceTransactionManagerAutoConfiguration, org.springframework.boot.autoconfigure.jdbc.JdbcTemplateAutoConfiguration, org.springframework.boot.autoconfigure.liquibase.LiquibaseAutoConfiguration, org.springframework.boot.autoconfigure.orm.jpa.HibernateJpaAutoConfiguration, org.springframework.boot.autoconfigure.transaction.TransactionAutoConfiguration, org.springframework.boot.test.autoconfigure.jdbc.TestDatabaseAutoConfiguration, org.springframework.boot.test.autoconfigure.orm.jpa.TestEntityManagerAutoConfiguration]], org.springframework.boot.test.context.filter.ExcludeFilterContextCustomizer@1e0b4072, org.springframework.boot.test.json.DuplicateJsonObjectContextCustomizerFactory$DuplicateJsonObjectContextCustomizer@4b45a2f5, org.springframework.boot.test.mock.mockito.MockitoContextCustomizer@0, org.springframework.boot.test.autoconfigure.OverrideAutoConfigurationContextCustomizerFactory$DisableAutoConfigurationContextCustomizer@3e27aa33, org.springframework.boot.test.autoconfigure.filter.TypeExcludeFiltersContextCustomizer@8c5e899a, org.springframework.boot.test.autoconfigure.properties.PropertyMappingContextCustomizer@2d38751a, org.springframework.boot.test.autoconfigure.web.servlet.WebDriverContextCustomizerFactory$Customizer@cb0755b], contextLoader = 'org.springframework.boot.test.context.SpringBootContextLoader', parent = [null]], attributes = map[[empty]]]
]]></system-out>
  </testcase>
  <testcase name="findPlayerByName" classname="com.luckyl.wargame.service.PlayerServiceImplTest" time="0.523">
    <system-out><![CDATA[2020-12-02 23:19:26.657  INFO 43721 --- [           main] j.LocalContainerEntityManagerFactoryBean : Closing JPA EntityManagerFactory for persistence unit 'default'
2020-12-02 23:19:26.658  INFO 43721 --- [           main] .SchemaDropperImpl$DelayedDropActionImpl : HHH000477: Starting delayed evictData of schema as part of SessionFactory shut-down'
2020-12-02 23:19:26.658 DEBUG 43721 --- [           main] org.hibernate.SQL                        : drop table location if exists
Hibernate: drop table location if exists
2020-12-02 23:19:26.660 DEBUG 43721 --- [           main] org.hibernate.SQL                        : drop table piece if exists
Hibernate: drop table piece if exists
2020-12-02 23:19:26.661 DEBUG 43721 --- [           main] org.hibernate.SQL                        : drop table player if exists
Hibernate: drop table player if exists

  .   ____          _            __ _ _
 /\\ / ___'_ __ _ _(_)_ __  __ _ \ \ \ \
( ( )\___ | '_ | '_| | '_ \/ _` | \ \ \ \
 \\/  ___)| |_)| | | | | || (_| |  ) ) ) )
  '  |____| .__|_| |_|_| |_\__, | / / / /
 =========|_|==============|___/=/_/_/_/
 :: Spring Boot ::        (v2.2.6.RELEASE)

2020-12-02 23:19:26.684  INFO 43721 --- [           main] c.l.w.service.PlayerServiceImplTest      : Starting PlayerServiceImplTest on Aprils-MacBook-Air.local with PID 43721 (started by kevinapril in /Users/kevinapril/git/wargame/wargame-service)
2020-12-02 23:19:26.685  INFO 43721 --- [           main] c.l.w.service.PlayerServiceImplTest      : No active profile set, falling back to default profiles: default
2020-12-02 23:19:26.787  INFO 43721 --- [           main] .s.d.r.c.RepositoryConfigurationDelegate : Bootstrapping Spring Data JPA repositories in DEFAULT mode.
2020-12-02 23:19:26.803  INFO 43721 --- [           main] .s.d.r.c.RepositoryConfigurationDelegate : Finished Spring Data repository scanning in 14ms. Found 3 JPA repository interfaces.
2020-12-02 23:19:26.812  INFO 43721 --- [           main] beddedDataSourceBeanFactoryPostProcessor : Replacing 'dataSource' DataSource bean with embedded version
2020-12-02 23:19:26.829  INFO 43721 --- [           main] o.s.j.d.e.EmbeddedDatabaseFactory        : Starting embedded database: url='jdbc:h2:mem:cbf63b76-bdd6-4de0-91ac-dd81e9afcae1;DB_CLOSE_DELAY=-1;DB_CLOSE_ON_EXIT=false', username='sa'
2020-12-02 23:19:26.893  INFO 43721 --- [           main] o.hibernate.jpa.internal.util.LogHelper  : HHH000204: Processing PersistenceUnitInfo [name: default]
2020-12-02 23:19:26.898  INFO 43721 --- [           main] org.hibernate.dialect.Dialect            : HHH000400: Using dialect: org.hibernate.dialect.H2Dialect
2020-12-02 23:19:26.981 DEBUG 43721 --- [           main] org.hibernate.SQL                        : drop table location if exists
Hibernate: drop table location if exists
2020-12-02 23:19:26.982 DEBUG 43721 --- [           main] org.hibernate.SQL                        : drop table piece if exists
Hibernate: drop table piece if exists
2020-12-02 23:19:26.982 DEBUG 43721 --- [           main] org.hibernate.SQL                        : drop table player if exists
Hibernate: drop table player if exists
2020-12-02 23:19:26.983 DEBUG 43721 --- [           main] org.hibernate.SQL                        : create table location (piece_col integer not null, piece_row integer not null, version bigint, piece_color varchar(255), piece_rank integer, primary key (piece_col, piece_row))
Hibernate: create table location (piece_col integer not null, piece_row integer not null, version bigint, piece_color varchar(255), piece_rank integer, primary key (piece_col, piece_row))
2020-12-02 23:19:26.986 DEBUG 43721 --- [           main] org.hibernate.SQL                        : create table piece (color varchar(255) not null, rank integer not null, current_count integer, max_count integer, version bigint, primary key (color, rank))
Hibernate: create table piece (color varchar(255) not null, rank integer not null, current_count integer, max_count integer, version bigint, primary key (color, rank))
2020-12-02 23:19:26.988 DEBUG 43721 --- [           main] org.hibernate.SQL                        : create table player (id binary not null, color varchar(255), name varchar(255), version bigint, wins integer, primary key (id))
Hibernate: create table player (id binary not null, color varchar(255), name varchar(255), version bigint, wins integer, primary key (id))
2020-12-02 23:19:26.991 DEBUG 43721 --- [           main] org.hibernate.SQL                        : alter table location add constraint FKh7n4c5044va5r87h6dxrbbbcq foreign key (piece_color, piece_rank) references piece
Hibernate: alter table location add constraint FKh7n4c5044va5r87h6dxrbbbcq foreign key (piece_color, piece_rank) references piece
2020-12-02 23:19:26.994  INFO 43721 --- [           main] o.h.e.t.j.p.i.JtaPlatformInitiator       : HHH000490: Using JtaPlatform implementation: [org.hibernate.engine.transaction.jta.platform.internal.NoJtaPlatform]
2020-12-02 23:19:26.994  INFO 43721 --- [           main] j.LocalContainerEntityManagerFactoryBean : Initialized JPA EntityManagerFactory for persistence unit 'default'
2020-12-02 23:19:27.165  INFO 43721 --- [           main] c.l.w.service.PlayerServiceImplTest      : Started PlayerServiceImplTest in 0.498 seconds (JVM running for 6.455)
2020-12-02 23:19:27.171  INFO 43721 --- [           main] o.s.t.c.transaction.TransactionContext   : Began transaction (1) for test context [DefaultTestContext@2bec854f testClass = PlayerServiceImplTest, testInstance = com.luckyl.wargame.service.PlayerServiceImplTest@697b48e4, testMethod = findPlayerByName@PlayerServiceImplTest, testException = [null], mergedContextConfiguration = [MergedContextConfiguration@31edaa7d testClass = PlayerServiceImplTest, locations = '{}', classes = '{class com.luckyl.wargame.TestApplication}', contextInitializerClasses = '[]', activeProfiles = '{}', propertySourceLocations = '{}', propertySourceProperties = '{logging.level.org.hibernate.SQL=DEBUG, logging.level.org.hibernate.type.descriptor.sql.BasicBinder=TRACE, org.springframework.boot.test.autoconfigure.orm.jpa.DataJpaTestContextBootstrapper=true}', contextCustomizers = set[[ImportsContextCustomizer@26adfd2d key = [org.springframework.boot.autoconfigure.cache.CacheAutoConfiguration, org.springframework.boot.autoconfigure.data.jpa.JpaRepositoriesAutoConfiguration, org.springframework.boot.autoconfigure.flyway.FlywayAutoConfiguration, org.springframework.boot.autoconfigure.jdbc.DataSourceAutoConfiguration, org.springframework.boot.autoconfigure.jdbc.DataSourceTransactionManagerAutoConfiguration, org.springframework.boot.autoconfigure.jdbc.JdbcTemplateAutoConfiguration, org.springframework.boot.autoconfigure.liquibase.LiquibaseAutoConfiguration, org.springframework.boot.autoconfigure.orm.jpa.HibernateJpaAutoConfiguration, org.springframework.boot.autoconfigure.transaction.TransactionAutoConfiguration, org.springframework.boot.test.autoconfigure.jdbc.TestDatabaseAutoConfiguration, org.springframework.boot.test.autoconfigure.orm.jpa.TestEntityManagerAutoConfiguration]], org.springframework.boot.test.context.filter.ExcludeFilterContextCustomizer@1e0b4072, org.springframework.boot.test.json.DuplicateJsonObjectContextCustomizerFactory$DuplicateJsonObjectContextCustomizer@4b45a2f5, org.springframework.boot.test.mock.mockito.MockitoContextCustomizer@0, org.springframework.boot.test.autoconfigure.OverrideAutoConfigurationContextCustomizerFactory$DisableAutoConfigurationContextCustomizer@3e27aa33, org.springframework.boot.test.autoconfigure.filter.TypeExcludeFiltersContextCustomizer@8c5e899a, org.springframework.boot.test.autoconfigure.properties.PropertyMappingContextCustomizer@2d38751a, org.springframework.boot.test.autoconfigure.web.servlet.WebDriverContextCustomizerFactory$Customizer@cb0755b], contextLoader = 'org.springframework.boot.test.context.SpringBootContextLoader', parent = [null]], attributes = map[[empty]]]; transaction manager [org.springframework.orm.jpa.JpaTransactionManager@60ba6631]; rollback [true]
2020-12-02 23:19:27.176  INFO 43721 --- [           main] o.s.t.c.transaction.TransactionContext   : Rolled back transaction for test: [DefaultTestContext@2bec854f testClass = PlayerServiceImplTest, testInstance = com.luckyl.wargame.service.PlayerServiceImplTest@697b48e4, testMethod = findPlayerByName@PlayerServiceImplTest, testException = [null], mergedContextConfiguration = [MergedContextConfiguration@31edaa7d testClass = PlayerServiceImplTest, locations = '{}', classes = '{class com.luckyl.wargame.TestApplication}', contextInitializerClasses = '[]', activeProfiles = '{}', propertySourceLocations = '{}', propertySourceProperties = '{logging.level.org.hibernate.SQL=DEBUG, logging.level.org.hibernate.type.descriptor.sql.BasicBinder=TRACE, org.springframework.boot.test.autoconfigure.orm.jpa.DataJpaTestContextBootstrapper=true}', contextCustomizers = set[[ImportsContextCustomizer@26adfd2d key = [org.springframework.boot.autoconfigure.cache.CacheAutoConfiguration, org.springframework.boot.autoconfigure.data.jpa.JpaRepositoriesAutoConfiguration, org.springframework.boot.autoconfigure.flyway.FlywayAutoConfiguration, org.springframework.boot.autoconfigure.jdbc.DataSourceAutoConfiguration, org.springframework.boot.autoconfigure.jdbc.DataSourceTransactionManagerAutoConfiguration, org.springframework.boot.autoconfigure.jdbc.JdbcTemplateAutoConfiguration, org.springframework.boot.autoconfigure.liquibase.LiquibaseAutoConfiguration, org.springframework.boot.autoconfigure.orm.jpa.HibernateJpaAutoConfiguration, org.springframework.boot.autoconfigure.transaction.TransactionAutoConfiguration, org.springframework.boot.test.autoconfigure.jdbc.TestDatabaseAutoConfiguration, org.springframework.boot.test.autoconfigure.orm.jpa.TestEntityManagerAutoConfiguration]], org.springframework.boot.test.context.filter.ExcludeFilterContextCustomizer@1e0b4072, org.springframework.boot.test.json.DuplicateJsonObjectContextCustomizerFactory$DuplicateJsonObjectContextCustomizer@4b45a2f5, org.springframework.boot.test.mock.mockito.MockitoContextCustomizer@0, org.springframework.boot.test.autoconfigure.OverrideAutoConfigurationContextCustomizerFactory$DisableAutoConfigurationContextCustomizer@3e27aa33, org.springframework.boot.test.autoconfigure.filter.TypeExcludeFiltersContextCustomizer@8c5e899a, org.springframework.boot.test.autoconfigure.properties.PropertyMappingContextCustomizer@2d38751a, org.springframework.boot.test.autoconfigure.web.servlet.WebDriverContextCustomizerFactory$Customizer@cb0755b], contextLoader = 'org.springframework.boot.test.context.SpringBootContextLoader', parent = [null]], attributes = map[[empty]]]
]]></system-out>
  </testcase>
  <testcase name="addPlayer(Player)[1]" classname="com.luckyl.wargame.service.PlayerServiceImplTest" time="0.622">
    <system-out><![CDATA[2020-12-02 23:19:27.218  INFO 43721 --- [           main] j.LocalContainerEntityManagerFactoryBean : Closing JPA EntityManagerFactory for persistence unit 'default'
2020-12-02 23:19:27.219  INFO 43721 --- [           main] .SchemaDropperImpl$DelayedDropActionImpl : HHH000477: Starting delayed evictData of schema as part of SessionFactory shut-down'
2020-12-02 23:19:27.219 DEBUG 43721 --- [           main] org.hibernate.SQL                        : drop table location if exists
Hibernate: drop table location if exists
2020-12-02 23:19:27.221 DEBUG 43721 --- [           main] org.hibernate.SQL                        : drop table piece if exists
Hibernate: drop table piece if exists
2020-12-02 23:19:27.222 DEBUG 43721 --- [           main] org.hibernate.SQL                        : drop table player if exists
Hibernate: drop table player if exists

  .   ____          _            __ _ _
 /\\ / ___'_ __ _ _(_)_ __  __ _ \ \ \ \
( ( )\___ | '_ | '_| | '_ \/ _` | \ \ \ \
 \\/  ___)| |_)| | | | | || (_| |  ) ) ) )
  '  |____| .__|_| |_|_| |_\__, | / / / /
 =========|_|==============|___/=/_/_/_/
 :: Spring Boot ::        (v2.2.6.RELEASE)

2020-12-02 23:19:27.244  INFO 43721 --- [           main] c.l.w.service.PlayerServiceImplTest      : Starting PlayerServiceImplTest on Aprils-MacBook-Air.local with PID 43721 (started by kevinapril in /Users/kevinapril/git/wargame/wargame-service)
2020-12-02 23:19:27.245  INFO 43721 --- [           main] c.l.w.service.PlayerServiceImplTest      : No active profile set, falling back to default profiles: default
2020-12-02 23:19:27.320  INFO 43721 --- [           main] .s.d.r.c.RepositoryConfigurationDelegate : Bootstrapping Spring Data JPA repositories in DEFAULT mode.
2020-12-02 23:19:27.331  INFO 43721 --- [           main] .s.d.r.c.RepositoryConfigurationDelegate : Finished Spring Data repository scanning in 10ms. Found 3 JPA repository interfaces.
2020-12-02 23:19:27.341  INFO 43721 --- [           main] beddedDataSourceBeanFactoryPostProcessor : Replacing 'dataSource' DataSource bean with embedded version
2020-12-02 23:19:27.358  INFO 43721 --- [           main] o.s.j.d.e.EmbeddedDatabaseFactory        : Starting embedded database: url='jdbc:h2:mem:62e8ec44-268e-4ea2-a84d-33e59b223b8e;DB_CLOSE_DELAY=-1;DB_CLOSE_ON_EXIT=false', username='sa'
2020-12-02 23:19:27.427  INFO 43721 --- [           main] o.hibernate.jpa.internal.util.LogHelper  : HHH000204: Processing PersistenceUnitInfo [name: default]
2020-12-02 23:19:27.432  INFO 43721 --- [           main] org.hibernate.dialect.Dialect            : HHH000400: Using dialect: org.hibernate.dialect.H2Dialect
2020-12-02 23:19:27.497 DEBUG 43721 --- [           main] org.hibernate.SQL                        : drop table location if exists
Hibernate: drop table location if exists
2020-12-02 23:19:27.497 DEBUG 43721 --- [           main] org.hibernate.SQL                        : drop table piece if exists
Hibernate: drop table piece if exists
2020-12-02 23:19:27.498 DEBUG 43721 --- [           main] org.hibernate.SQL                        : drop table player if exists
Hibernate: drop table player if exists
2020-12-02 23:19:27.498 DEBUG 43721 --- [           main] org.hibernate.SQL                        : create table location (piece_col integer not null, piece_row integer not null, version bigint, piece_color varchar(255), piece_rank integer, primary key (piece_col, piece_row))
Hibernate: create table location (piece_col integer not null, piece_row integer not null, version bigint, piece_color varchar(255), piece_rank integer, primary key (piece_col, piece_row))
2020-12-02 23:19:27.500 DEBUG 43721 --- [           main] org.hibernate.SQL                        : create table piece (color varchar(255) not null, rank integer not null, current_count integer, max_count integer, version bigint, primary key (color, rank))
Hibernate: create table piece (color varchar(255) not null, rank integer not null, current_count integer, max_count integer, version bigint, primary key (color, rank))
2020-12-02 23:19:27.502 DEBUG 43721 --- [           main] org.hibernate.SQL                        : create table player (id binary not null, color varchar(255), name varchar(255), version bigint, wins integer, primary key (id))
Hibernate: create table player (id binary not null, color varchar(255), name varchar(255), version bigint, wins integer, primary key (id))
2020-12-02 23:19:27.503 DEBUG 43721 --- [           main] org.hibernate.SQL                        : alter table location add constraint FKh7n4c5044va5r87h6dxrbbbcq foreign key (piece_color, piece_rank) references piece
Hibernate: alter table location add constraint FKh7n4c5044va5r87h6dxrbbbcq foreign key (piece_color, piece_rank) references piece
2020-12-02 23:19:27.506  INFO 43721 --- [           main] o.h.e.t.j.p.i.JtaPlatformInitiator       : HHH000490: Using JtaPlatform implementation: [org.hibernate.engine.transaction.jta.platform.internal.NoJtaPlatform]
2020-12-02 23:19:27.506  INFO 43721 --- [           main] j.LocalContainerEntityManagerFactoryBean : Initialized JPA EntityManagerFactory for persistence unit 'default'
2020-12-02 23:19:27.706  INFO 43721 --- [           main] c.l.w.service.PlayerServiceImplTest      : Started PlayerServiceImplTest in 0.481 seconds (JVM running for 6.996)
2020-12-02 23:19:27.710  INFO 43721 --- [           main] o.s.t.c.transaction.TransactionContext   : Began transaction (1) for test context [DefaultTestContext@2bec854f testClass = PlayerServiceImplTest, testInstance = com.luckyl.wargame.service.PlayerServiceImplTest@5671078e, testMethod = addPlayer@PlayerServiceImplTest, testException = [null], mergedContextConfiguration = [MergedContextConfiguration@31edaa7d testClass = PlayerServiceImplTest, locations = '{}', classes = '{class com.luckyl.wargame.TestApplication}', contextInitializerClasses = '[]', activeProfiles = '{}', propertySourceLocations = '{}', propertySourceProperties = '{logging.level.org.hibernate.SQL=DEBUG, logging.level.org.hibernate.type.descriptor.sql.BasicBinder=TRACE, org.springframework.boot.test.autoconfigure.orm.jpa.DataJpaTestContextBootstrapper=true}', contextCustomizers = set[[ImportsContextCustomizer@26adfd2d key = [org.springframework.boot.autoconfigure.cache.CacheAutoConfiguration, org.springframework.boot.autoconfigure.data.jpa.JpaRepositoriesAutoConfiguration, org.springframework.boot.autoconfigure.flyway.FlywayAutoConfiguration, org.springframework.boot.autoconfigure.jdbc.DataSourceAutoConfiguration, org.springframework.boot.autoconfigure.jdbc.DataSourceTransactionManagerAutoConfiguration, org.springframework.boot.autoconfigure.jdbc.JdbcTemplateAutoConfiguration, org.springframework.boot.autoconfigure.liquibase.LiquibaseAutoConfiguration, org.springframework.boot.autoconfigure.orm.jpa.HibernateJpaAutoConfiguration, org.springframework.boot.autoconfigure.transaction.TransactionAutoConfiguration, org.springframework.boot.test.autoconfigure.jdbc.TestDatabaseAutoConfiguration, org.springframework.boot.test.autoconfigure.orm.jpa.TestEntityManagerAutoConfiguration]], org.springframework.boot.test.context.filter.ExcludeFilterContextCustomizer@1e0b4072, org.springframework.boot.test.json.DuplicateJsonObjectContextCustomizerFactory$DuplicateJsonObjectContextCustomizer@4b45a2f5, org.springframework.boot.test.mock.mockito.MockitoContextCustomizer@0, org.springframework.boot.test.autoconfigure.OverrideAutoConfigurationContextCustomizerFactory$DisableAutoConfigurationContextCustomizer@3e27aa33, org.springframework.boot.test.autoconfigure.filter.TypeExcludeFiltersContextCustomizer@8c5e899a, org.springframework.boot.test.autoconfigure.properties.PropertyMappingContextCustomizer@2d38751a, org.springframework.boot.test.autoconfigure.web.servlet.WebDriverContextCustomizerFactory$Customizer@cb0755b], contextLoader = 'org.springframework.boot.test.context.SpringBootContextLoader', parent = [null]], attributes = map[[empty]]]; transaction manager [org.springframework.orm.jpa.JpaTransactionManager@3d6745ed]; rollback [true]
2020-12-02 23:19:27.772 DEBUG 43721 --- [           main] org.hibernate.SQL                        : insert into player (color, name, version, wins, id) values (?, ?, ?, ?, ?)
Hibernate: insert into player (color, name, version, wins, id) values (?, ?, ?, ?, ?)
2020-12-02 23:19:27.774 TRACE 43721 --- [           main] o.h.type.descriptor.sql.BasicBinder      : binding parameter [1] as [VARCHAR] - [#3366CC]
2020-12-02 23:19:27.774 TRACE 43721 --- [           main] o.h.type.descriptor.sql.BasicBinder      : binding parameter [2] as [VARCHAR] - [Jake]
2020-12-02 23:19:27.775 TRACE 43721 --- [           main] o.h.type.descriptor.sql.BasicBinder      : binding parameter [3] as [BIGINT] - [0]
2020-12-02 23:19:27.775 TRACE 43721 --- [           main] o.h.type.descriptor.sql.BasicBinder      : binding parameter [4] as [INTEGER] - [0]
2020-12-02 23:19:27.776 TRACE 43721 --- [           main] o.h.type.descriptor.sql.BasicBinder      : binding parameter [5] as [BINARY] - [9a99ff11-b442-4149-925f-f8d98a947ba8]
2020-12-02 23:19:27.781 DEBUG 43721 --- [           main] org.hibernate.SQL                        : select player0_.id as id1_2_, player0_.color as color2_2_, player0_.name as name3_2_, player0_.version as version4_2_, player0_.wins as wins5_2_ from player player0_ where player0_.name=?
Hibernate: select player0_.id as id1_2_, player0_.color as color2_2_, player0_.name as name3_2_, player0_.version as version4_2_, player0_.wins as wins5_2_ from player player0_ where player0_.name=?
2020-12-02 23:19:27.782 TRACE 43721 --- [           main] o.h.type.descriptor.sql.BasicBinder      : binding parameter [1] as [VARCHAR] - [Jake]
2020-12-02 23:19:27.837  INFO 43721 --- [           main] o.s.t.c.transaction.TransactionContext   : Rolled back transaction for test: [DefaultTestContext@2bec854f testClass = PlayerServiceImplTest, testInstance = com.luckyl.wargame.service.PlayerServiceImplTest@5671078e, testMethod = addPlayer@PlayerServiceImplTest, testException = [null], mergedContextConfiguration = [MergedContextConfiguration@31edaa7d testClass = PlayerServiceImplTest, locations = '{}', classes = '{class com.luckyl.wargame.TestApplication}', contextInitializerClasses = '[]', activeProfiles = '{}', propertySourceLocations = '{}', propertySourceProperties = '{logging.level.org.hibernate.SQL=DEBUG, logging.level.org.hibernate.type.descriptor.sql.BasicBinder=TRACE, org.springframework.boot.test.autoconfigure.orm.jpa.DataJpaTestContextBootstrapper=true}', contextCustomizers = set[[ImportsContextCustomizer@26adfd2d key = [org.springframework.boot.autoconfigure.cache.CacheAutoConfiguration, org.springframework.boot.autoconfigure.data.jpa.JpaRepositoriesAutoConfiguration, org.springframework.boot.autoconfigure.flyway.FlywayAutoConfiguration, org.springframework.boot.autoconfigure.jdbc.DataSourceAutoConfiguration, org.springframework.boot.autoconfigure.jdbc.DataSourceTransactionManagerAutoConfiguration, org.springframework.boot.autoconfigure.jdbc.JdbcTemplateAutoConfiguration, org.springframework.boot.autoconfigure.liquibase.LiquibaseAutoConfiguration, org.springframework.boot.autoconfigure.orm.jpa.HibernateJpaAutoConfiguration, org.springframework.boot.autoconfigure.transaction.TransactionAutoConfiguration, org.springframework.boot.test.autoconfigure.jdbc.TestDatabaseAutoConfiguration, org.springframework.boot.test.autoconfigure.orm.jpa.TestEntityManagerAutoConfiguration]], org.springframework.boot.test.context.filter.ExcludeFilterContextCustomizer@1e0b4072, org.springframework.boot.test.json.DuplicateJsonObjectContextCustomizerFactory$DuplicateJsonObjectContextCustomizer@4b45a2f5, org.springframework.boot.test.mock.mockito.MockitoContextCustomizer@0, org.springframework.boot.test.autoconfigure.OverrideAutoConfigurationContextCustomizerFactory$DisableAutoConfigurationContextCustomizer@3e27aa33, org.springframework.boot.test.autoconfigure.filter.TypeExcludeFiltersContextCustomizer@8c5e899a, org.springframework.boot.test.autoconfigure.properties.PropertyMappingContextCustomizer@2d38751a, org.springframework.boot.test.autoconfigure.web.servlet.WebDriverContextCustomizerFactory$Customizer@cb0755b], contextLoader = 'org.springframework.boot.test.context.SpringBootContextLoader', parent = [null]], attributes = map[[empty]]]
]]></system-out>
  </testcase>
  <testcase name="addPlayer(Player)[2]" classname="com.luckyl.wargame.service.PlayerServiceImplTest" time="0.443">
    <system-out><![CDATA[2020-12-02 23:19:27.860  INFO 43721 --- [           main] j.LocalContainerEntityManagerFactoryBean : Closing JPA EntityManagerFactory for persistence unit 'default'
2020-12-02 23:19:27.861  INFO 43721 --- [           main] .SchemaDropperImpl$DelayedDropActionImpl : HHH000477: Starting delayed evictData of schema as part of SessionFactory shut-down'
2020-12-02 23:19:27.861 DEBUG 43721 --- [           main] org.hibernate.SQL                        : drop table location if exists
Hibernate: drop table location if exists
2020-12-02 23:19:27.864 DEBUG 43721 --- [           main] org.hibernate.SQL                        : drop table piece if exists
Hibernate: drop table piece if exists
2020-12-02 23:19:27.866 DEBUG 43721 --- [           main] org.hibernate.SQL                        : drop table player if exists
Hibernate: drop table player if exists

  .   ____          _            __ _ _
 /\\ / ___'_ __ _ _(_)_ __  __ _ \ \ \ \
( ( )\___ | '_ | '_| | '_ \/ _` | \ \ \ \
 \\/  ___)| |_)| | | | | || (_| |  ) ) ) )
  '  |____| .__|_| |_|_| |_\__, | / / / /
 =========|_|==============|___/=/_/_/_/
 :: Spring Boot ::        (v2.2.6.RELEASE)

2020-12-02 23:19:27.890  INFO 43721 --- [           main] c.l.w.service.PlayerServiceImplTest      : Starting PlayerServiceImplTest on Aprils-MacBook-Air.local with PID 43721 (started by kevinapril in /Users/kevinapril/git/wargame/wargame-service)
2020-12-02 23:19:27.891  INFO 43721 --- [           main] c.l.w.service.PlayerServiceImplTest      : No active profile set, falling back to default profiles: default
2020-12-02 23:19:27.958  INFO 43721 --- [           main] .s.d.r.c.RepositoryConfigurationDelegate : Bootstrapping Spring Data JPA repositories in DEFAULT mode.
2020-12-02 23:19:27.969  INFO 43721 --- [           main] .s.d.r.c.RepositoryConfigurationDelegate : Finished Spring Data repository scanning in 10ms. Found 3 JPA repository interfaces.
2020-12-02 23:19:27.978  INFO 43721 --- [           main] beddedDataSourceBeanFactoryPostProcessor : Replacing 'dataSource' DataSource bean with embedded version
2020-12-02 23:19:27.998  INFO 43721 --- [           main] o.s.j.d.e.EmbeddedDatabaseFactory        : Starting embedded database: url='jdbc:h2:mem:e21aa219-a3ed-4c66-8895-3925b0afc15f;DB_CLOSE_DELAY=-1;DB_CLOSE_ON_EXIT=false', username='sa'
2020-12-02 23:19:28.041  INFO 43721 --- [           main] o.hibernate.jpa.internal.util.LogHelper  : HHH000204: Processing PersistenceUnitInfo [name: default]
2020-12-02 23:19:28.045  INFO 43721 --- [           main] org.hibernate.dialect.Dialect            : HHH000400: Using dialect: org.hibernate.dialect.H2Dialect
2020-12-02 23:19:28.120 DEBUG 43721 --- [           main] org.hibernate.SQL                        : drop table location if exists
Hibernate: drop table location if exists
2020-12-02 23:19:28.121 DEBUG 43721 --- [           main] org.hibernate.SQL                        : drop table piece if exists
Hibernate: drop table piece if exists
2020-12-02 23:19:28.122 DEBUG 43721 --- [           main] org.hibernate.SQL                        : drop table player if exists
Hibernate: drop table player if exists
2020-12-02 23:19:28.123 DEBUG 43721 --- [           main] org.hibernate.SQL                        : create table location (piece_col integer not null, piece_row integer not null, version bigint, piece_color varchar(255), piece_rank integer, primary key (piece_col, piece_row))
Hibernate: create table location (piece_col integer not null, piece_row integer not null, version bigint, piece_color varchar(255), piece_rank integer, primary key (piece_col, piece_row))
2020-12-02 23:19:28.125 DEBUG 43721 --- [           main] org.hibernate.SQL                        : create table piece (color varchar(255) not null, rank integer not null, current_count integer, max_count integer, version bigint, primary key (color, rank))
Hibernate: create table piece (color varchar(255) not null, rank integer not null, current_count integer, max_count integer, version bigint, primary key (color, rank))
2020-12-02 23:19:28.128 DEBUG 43721 --- [           main] org.hibernate.SQL                        : create table player (id binary not null, color varchar(255), name varchar(255), version bigint, wins integer, primary key (id))
Hibernate: create table player (id binary not null, color varchar(255), name varchar(255), version bigint, wins integer, primary key (id))
2020-12-02 23:19:28.130 DEBUG 43721 --- [           main] org.hibernate.SQL                        : alter table location add constraint FKh7n4c5044va5r87h6dxrbbbcq foreign key (piece_color, piece_rank) references piece
Hibernate: alter table location add constraint FKh7n4c5044va5r87h6dxrbbbcq foreign key (piece_color, piece_rank) references piece
2020-12-02 23:19:28.133  INFO 43721 --- [           main] o.h.e.t.j.p.i.JtaPlatformInitiator       : HHH000490: Using JtaPlatform implementation: [org.hibernate.engine.transaction.jta.platform.internal.NoJtaPlatform]
2020-12-02 23:19:28.134  INFO 43721 --- [           main] j.LocalContainerEntityManagerFactoryBean : Initialized JPA EntityManagerFactory for persistence unit 'default'
2020-12-02 23:19:28.285  INFO 43721 --- [           main] c.l.w.service.PlayerServiceImplTest      : Started PlayerServiceImplTest in 0.414 seconds (JVM running for 7.575)
2020-12-02 23:19:28.291  INFO 43721 --- [           main] o.s.t.c.transaction.TransactionContext   : Began transaction (1) for test context [DefaultTestContext@2bec854f testClass = PlayerServiceImplTest, testInstance = com.luckyl.wargame.service.PlayerServiceImplTest@21fa19e4, testMethod = addPlayer@PlayerServiceImplTest, testException = [null], mergedContextConfiguration = [MergedContextConfiguration@31edaa7d testClass = PlayerServiceImplTest, locations = '{}', classes = '{class com.luckyl.wargame.TestApplication}', contextInitializerClasses = '[]', activeProfiles = '{}', propertySourceLocations = '{}', propertySourceProperties = '{logging.level.org.hibernate.SQL=DEBUG, logging.level.org.hibernate.type.descriptor.sql.BasicBinder=TRACE, org.springframework.boot.test.autoconfigure.orm.jpa.DataJpaTestContextBootstrapper=true}', contextCustomizers = set[[ImportsContextCustomizer@26adfd2d key = [org.springframework.boot.autoconfigure.cache.CacheAutoConfiguration, org.springframework.boot.autoconfigure.data.jpa.JpaRepositoriesAutoConfiguration, org.springframework.boot.autoconfigure.flyway.FlywayAutoConfiguration, org.springframework.boot.autoconfigure.jdbc.DataSourceAutoConfiguration, org.springframework.boot.autoconfigure.jdbc.DataSourceTransactionManagerAutoConfiguration, org.springframework.boot.autoconfigure.jdbc.JdbcTemplateAutoConfiguration, org.springframework.boot.autoconfigure.liquibase.LiquibaseAutoConfiguration, org.springframework.boot.autoconfigure.orm.jpa.HibernateJpaAutoConfiguration, org.springframework.boot.autoconfigure.transaction.TransactionAutoConfiguration, org.springframework.boot.test.autoconfigure.jdbc.TestDatabaseAutoConfiguration, org.springframework.boot.test.autoconfigure.orm.jpa.TestEntityManagerAutoConfiguration]], org.springframework.boot.test.context.filter.ExcludeFilterContextCustomizer@1e0b4072, org.springframework.boot.test.json.DuplicateJsonObjectContextCustomizerFactory$DuplicateJsonObjectContextCustomizer@4b45a2f5, org.springframework.boot.test.mock.mockito.MockitoContextCustomizer@0, org.springframework.boot.test.autoconfigure.OverrideAutoConfigurationContextCustomizerFactory$DisableAutoConfigurationContextCustomizer@3e27aa33, org.springframework.boot.test.autoconfigure.filter.TypeExcludeFiltersContextCustomizer@8c5e899a, org.springframework.boot.test.autoconfigure.properties.PropertyMappingContextCustomizer@2d38751a, org.springframework.boot.test.autoconfigure.web.servlet.WebDriverContextCustomizerFactory$Customizer@cb0755b], contextLoader = 'org.springframework.boot.test.context.SpringBootContextLoader', parent = [null]], attributes = map[[empty]]]; transaction manager [org.springframework.orm.jpa.JpaTransactionManager@5d1eb214]; rollback [true]
2020-12-02 23:19:28.295 DEBUG 43721 --- [           main] org.hibernate.SQL                        : insert into player (color, name, version, wins, id) values (?, ?, ?, ?, ?)
Hibernate: insert into player (color, name, version, wins, id) values (?, ?, ?, ?, ?)
2020-12-02 23:19:28.296 TRACE 43721 --- [           main] o.h.type.descriptor.sql.BasicBinder      : binding parameter [1] as [VARCHAR] - [#800000]
2020-12-02 23:19:28.296 TRACE 43721 --- [           main] o.h.type.descriptor.sql.BasicBinder      : binding parameter [2] as [VARCHAR] - [Dylan]
2020-12-02 23:19:28.296 TRACE 43721 --- [           main] o.h.type.descriptor.sql.BasicBinder      : binding parameter [3] as [BIGINT] - [0]
2020-12-02 23:19:28.296 TRACE 43721 --- [           main] o.h.type.descriptor.sql.BasicBinder      : binding parameter [4] as [INTEGER] - [0]
2020-12-02 23:19:28.297 TRACE 43721 --- [           main] o.h.type.descriptor.sql.BasicBinder      : binding parameter [5] as [BINARY] - [95e73183-af1b-4583-adbc-7a78ffab3aae]
2020-12-02 23:19:28.297 DEBUG 43721 --- [           main] org.hibernate.SQL                        : select player0_.id as id1_2_, player0_.color as color2_2_, player0_.name as name3_2_, player0_.version as version4_2_, player0_.wins as wins5_2_ from player player0_ where player0_.name=?
Hibernate: select player0_.id as id1_2_, player0_.color as color2_2_, player0_.name as name3_2_, player0_.version as version4_2_, player0_.wins as wins5_2_ from player player0_ where player0_.name=?
2020-12-02 23:19:28.298 TRACE 43721 --- [           main] o.h.type.descriptor.sql.BasicBinder      : binding parameter [1] as [VARCHAR] - [Dylan]
2020-12-02 23:19:28.301  INFO 43721 --- [           main] o.s.t.c.transaction.TransactionContext   : Rolled back transaction for test: [DefaultTestContext@2bec854f testClass = PlayerServiceImplTest, testInstance = com.luckyl.wargame.service.PlayerServiceImplTest@21fa19e4, testMethod = addPlayer@PlayerServiceImplTest, testException = [null], mergedContextConfiguration = [MergedContextConfiguration@31edaa7d testClass = PlayerServiceImplTest, locations = '{}', classes = '{class com.luckyl.wargame.TestApplication}', contextInitializerClasses = '[]', activeProfiles = '{}', propertySourceLocations = '{}', propertySourceProperties = '{logging.level.org.hibernate.SQL=DEBUG, logging.level.org.hibernate.type.descriptor.sql.BasicBinder=TRACE, org.springframework.boot.test.autoconfigure.orm.jpa.DataJpaTestContextBootstrapper=true}', contextCustomizers = set[[ImportsContextCustomizer@26adfd2d key = [org.springframework.boot.autoconfigure.cache.CacheAutoConfiguration, org.springframework.boot.autoconfigure.data.jpa.JpaRepositoriesAutoConfiguration, org.springframework.boot.autoconfigure.flyway.FlywayAutoConfiguration, org.springframework.boot.autoconfigure.jdbc.DataSourceAutoConfiguration, org.springframework.boot.autoconfigure.jdbc.DataSourceTransactionManagerAutoConfiguration, org.springframework.boot.autoconfigure.jdbc.JdbcTemplateAutoConfiguration, org.springframework.boot.autoconfigure.liquibase.LiquibaseAutoConfiguration, org.springframework.boot.autoconfigure.orm.jpa.HibernateJpaAutoConfiguration, org.springframework.boot.autoconfigure.transaction.TransactionAutoConfiguration, org.springframework.boot.test.autoconfigure.jdbc.TestDatabaseAutoConfiguration, org.springframework.boot.test.autoconfigure.orm.jpa.TestEntityManagerAutoConfiguration]], org.springframework.boot.test.context.filter.ExcludeFilterContextCustomizer@1e0b4072, org.springframework.boot.test.json.DuplicateJsonObjectContextCustomizerFactory$DuplicateJsonObjectContextCustomizer@4b45a2f5, org.springframework.boot.test.mock.mockito.MockitoContextCustomizer@0, org.springframework.boot.test.autoconfigure.OverrideAutoConfigurationContextCustomizerFactory$DisableAutoConfigurationContextCustomizer@3e27aa33, org.springframework.boot.test.autoconfigure.filter.TypeExcludeFiltersContextCustomizer@8c5e899a, org.springframework.boot.test.autoconfigure.properties.PropertyMappingContextCustomizer@2d38751a, org.springframework.boot.test.autoconfigure.web.servlet.WebDriverContextCustomizerFactory$Customizer@cb0755b], contextLoader = 'org.springframework.boot.test.context.SpringBootContextLoader', parent = [null]], attributes = map[[empty]]]
]]></system-out>
  </testcase>
  <testcase name="addPlayer(Player)[3]" classname="com.luckyl.wargame.service.PlayerServiceImplTest" time="0.459">
    <system-out><![CDATA[2020-12-02 23:19:28.331  INFO 43721 --- [           main] j.LocalContainerEntityManagerFactoryBean : Closing JPA EntityManagerFactory for persistence unit 'default'
2020-12-02 23:19:28.331  INFO 43721 --- [           main] .SchemaDropperImpl$DelayedDropActionImpl : HHH000477: Starting delayed evictData of schema as part of SessionFactory shut-down'
2020-12-02 23:19:28.331 DEBUG 43721 --- [           main] org.hibernate.SQL                        : drop table location if exists
Hibernate: drop table location if exists
2020-12-02 23:19:28.334 DEBUG 43721 --- [           main] org.hibernate.SQL                        : drop table piece if exists
Hibernate: drop table piece if exists
2020-12-02 23:19:28.335 DEBUG 43721 --- [           main] org.hibernate.SQL                        : drop table player if exists
Hibernate: drop table player if exists

  .   ____          _            __ _ _
 /\\ / ___'_ __ _ _(_)_ __  __ _ \ \ \ \
( ( )\___ | '_ | '_| | '_ \/ _` | \ \ \ \
 \\/  ___)| |_)| | | | | || (_| |  ) ) ) )
  '  |____| .__|_| |_|_| |_\__, | / / / /
 =========|_|==============|___/=/_/_/_/
 :: Spring Boot ::        (v2.2.6.RELEASE)

2020-12-02 23:19:28.358  INFO 43721 --- [           main] c.l.w.service.PlayerServiceImplTest      : Starting PlayerServiceImplTest on Aprils-MacBook-Air.local with PID 43721 (started by kevinapril in /Users/kevinapril/git/wargame/wargame-service)
2020-12-02 23:19:28.359  INFO 43721 --- [           main] c.l.w.service.PlayerServiceImplTest      : No active profile set, falling back to default profiles: default
2020-12-02 23:19:28.441  INFO 43721 --- [           main] .s.d.r.c.RepositoryConfigurationDelegate : Bootstrapping Spring Data JPA repositories in DEFAULT mode.
2020-12-02 23:19:28.454  INFO 43721 --- [           main] .s.d.r.c.RepositoryConfigurationDelegate : Finished Spring Data repository scanning in 12ms. Found 3 JPA repository interfaces.
2020-12-02 23:19:28.466  INFO 43721 --- [           main] beddedDataSourceBeanFactoryPostProcessor : Replacing 'dataSource' DataSource bean with embedded version
2020-12-02 23:19:28.481  INFO 43721 --- [           main] o.s.j.d.e.EmbeddedDatabaseFactory        : Starting embedded database: url='jdbc:h2:mem:02d35c88-3671-4b5a-9164-cfa801352d76;DB_CLOSE_DELAY=-1;DB_CLOSE_ON_EXIT=false', username='sa'
2020-12-02 23:19:28.532  INFO 43721 --- [           main] o.hibernate.jpa.internal.util.LogHelper  : HHH000204: Processing PersistenceUnitInfo [name: default]
2020-12-02 23:19:28.538  INFO 43721 --- [           main] org.hibernate.dialect.Dialect            : HHH000400: Using dialect: org.hibernate.dialect.H2Dialect
2020-12-02 23:19:28.595 DEBUG 43721 --- [           main] org.hibernate.SQL                        : drop table location if exists
Hibernate: drop table location if exists
2020-12-02 23:19:28.595 DEBUG 43721 --- [           main] org.hibernate.SQL                        : drop table piece if exists
Hibernate: drop table piece if exists
2020-12-02 23:19:28.596 DEBUG 43721 --- [           main] org.hibernate.SQL                        : drop table player if exists
Hibernate: drop table player if exists
2020-12-02 23:19:28.596 DEBUG 43721 --- [           main] org.hibernate.SQL                        : create table location (piece_col integer not null, piece_row integer not null, version bigint, piece_color varchar(255), piece_rank integer, primary key (piece_col, piece_row))
Hibernate: create table location (piece_col integer not null, piece_row integer not null, version bigint, piece_color varchar(255), piece_rank integer, primary key (piece_col, piece_row))
2020-12-02 23:19:28.601 DEBUG 43721 --- [           main] org.hibernate.SQL                        : create table piece (color varchar(255) not null, rank integer not null, current_count integer, max_count integer, version bigint, primary key (color, rank))
Hibernate: create table piece (color varchar(255) not null, rank integer not null, current_count integer, max_count integer, version bigint, primary key (color, rank))
2020-12-02 23:19:28.603 DEBUG 43721 --- [           main] org.hibernate.SQL                        : create table player (id binary not null, color varchar(255), name varchar(255), version bigint, wins integer, primary key (id))
Hibernate: create table player (id binary not null, color varchar(255), name varchar(255), version bigint, wins integer, primary key (id))
2020-12-02 23:19:28.604 DEBUG 43721 --- [           main] org.hibernate.SQL                        : alter table location add constraint FKh7n4c5044va5r87h6dxrbbbcq foreign key (piece_color, piece_rank) references piece
Hibernate: alter table location add constraint FKh7n4c5044va5r87h6dxrbbbcq foreign key (piece_color, piece_rank) references piece
2020-12-02 23:19:28.608  INFO 43721 --- [           main] o.h.e.t.j.p.i.JtaPlatformInitiator       : HHH000490: Using JtaPlatform implementation: [org.hibernate.engine.transaction.jta.platform.internal.NoJtaPlatform]
2020-12-02 23:19:28.608  INFO 43721 --- [           main] j.LocalContainerEntityManagerFactoryBean : Initialized JPA EntityManagerFactory for persistence unit 'default'
2020-12-02 23:19:28.773  INFO 43721 --- [           main] c.l.w.service.PlayerServiceImplTest      : Started PlayerServiceImplTest in 0.432 seconds (JVM running for 8.063)
2020-12-02 23:19:28.777  INFO 43721 --- [           main] o.s.t.c.transaction.TransactionContext   : Began transaction (1) for test context [DefaultTestContext@2bec854f testClass = PlayerServiceImplTest, testInstance = com.luckyl.wargame.service.PlayerServiceImplTest@4cc4f6bd, testMethod = addPlayer@PlayerServiceImplTest, testException = [null], mergedContextConfiguration = [MergedContextConfiguration@31edaa7d testClass = PlayerServiceImplTest, locations = '{}', classes = '{class com.luckyl.wargame.TestApplication}', contextInitializerClasses = '[]', activeProfiles = '{}', propertySourceLocations = '{}', propertySourceProperties = '{logging.level.org.hibernate.SQL=DEBUG, logging.level.org.hibernate.type.descriptor.sql.BasicBinder=TRACE, org.springframework.boot.test.autoconfigure.orm.jpa.DataJpaTestContextBootstrapper=true}', contextCustomizers = set[[ImportsContextCustomizer@26adfd2d key = [org.springframework.boot.autoconfigure.cache.CacheAutoConfiguration, org.springframework.boot.autoconfigure.data.jpa.JpaRepositoriesAutoConfiguration, org.springframework.boot.autoconfigure.flyway.FlywayAutoConfiguration, org.springframework.boot.autoconfigure.jdbc.DataSourceAutoConfiguration, org.springframework.boot.autoconfigure.jdbc.DataSourceTransactionManagerAutoConfiguration, org.springframework.boot.autoconfigure.jdbc.JdbcTemplateAutoConfiguration, org.springframework.boot.autoconfigure.liquibase.LiquibaseAutoConfiguration, org.springframework.boot.autoconfigure.orm.jpa.HibernateJpaAutoConfiguration, org.springframework.boot.autoconfigure.transaction.TransactionAutoConfiguration, org.springframework.boot.test.autoconfigure.jdbc.TestDatabaseAutoConfiguration, org.springframework.boot.test.autoconfigure.orm.jpa.TestEntityManagerAutoConfiguration]], org.springframework.boot.test.context.filter.ExcludeFilterContextCustomizer@1e0b4072, org.springframework.boot.test.json.DuplicateJsonObjectContextCustomizerFactory$DuplicateJsonObjectContextCustomizer@4b45a2f5, org.springframework.boot.test.mock.mockito.MockitoContextCustomizer@0, org.springframework.boot.test.autoconfigure.OverrideAutoConfigurationContextCustomizerFactory$DisableAutoConfigurationContextCustomizer@3e27aa33, org.springframework.boot.test.autoconfigure.filter.TypeExcludeFiltersContextCustomizer@8c5e899a, org.springframework.boot.test.autoconfigure.properties.PropertyMappingContextCustomizer@2d38751a, org.springframework.boot.test.autoconfigure.web.servlet.WebDriverContextCustomizerFactory$Customizer@cb0755b], contextLoader = 'org.springframework.boot.test.context.SpringBootContextLoader', parent = [null]], attributes = map[[empty]]]; transaction manager [org.springframework.orm.jpa.JpaTransactionManager@8dd0c70]; rollback [true]
2020-12-02 23:19:28.781 DEBUG 43721 --- [           main] org.hibernate.SQL                        : insert into player (color, name, version, wins, id) values (?, ?, ?, ?, ?)
Hibernate: insert into player (color, name, version, wins, id) values (?, ?, ?, ?, ?)
2020-12-02 23:19:28.782 TRACE 43721 --- [           main] o.h.type.descriptor.sql.BasicBinder      : binding parameter [1] as [VARCHAR] - [#800000]
2020-12-02 23:19:28.782 TRACE 43721 --- [           main] o.h.type.descriptor.sql.BasicBinder      : binding parameter [2] as [VARCHAR] - [Kevin]
2020-12-02 23:19:28.782 TRACE 43721 --- [           main] o.h.type.descriptor.sql.BasicBinder      : binding parameter [3] as [BIGINT] - [0]
2020-12-02 23:19:28.782 TRACE 43721 --- [           main] o.h.type.descriptor.sql.BasicBinder      : binding parameter [4] as [INTEGER] - [1]
2020-12-02 23:19:28.782 TRACE 43721 --- [           main] o.h.type.descriptor.sql.BasicBinder      : binding parameter [5] as [BINARY] - [fe7969a2-30c5-400d-8046-1dce106736c3]
2020-12-02 23:19:28.783 DEBUG 43721 --- [           main] org.hibernate.SQL                        : select player0_.id as id1_2_, player0_.color as color2_2_, player0_.name as name3_2_, player0_.version as version4_2_, player0_.wins as wins5_2_ from player player0_ where player0_.name=?
Hibernate: select player0_.id as id1_2_, player0_.color as color2_2_, player0_.name as name3_2_, player0_.version as version4_2_, player0_.wins as wins5_2_ from player player0_ where player0_.name=?
2020-12-02 23:19:28.784 TRACE 43721 --- [           main] o.h.type.descriptor.sql.BasicBinder      : binding parameter [1] as [VARCHAR] - [Kevin]
2020-12-02 23:19:28.787  INFO 43721 --- [           main] o.s.t.c.transaction.TransactionContext   : Rolled back transaction for test: [DefaultTestContext@2bec854f testClass = PlayerServiceImplTest, testInstance = com.luckyl.wargame.service.PlayerServiceImplTest@4cc4f6bd, testMethod = addPlayer@PlayerServiceImplTest, testException = [null], mergedContextConfiguration = [MergedContextConfiguration@31edaa7d testClass = PlayerServiceImplTest, locations = '{}', classes = '{class com.luckyl.wargame.TestApplication}', contextInitializerClasses = '[]', activeProfiles = '{}', propertySourceLocations = '{}', propertySourceProperties = '{logging.level.org.hibernate.SQL=DEBUG, logging.level.org.hibernate.type.descriptor.sql.BasicBinder=TRACE, org.springframework.boot.test.autoconfigure.orm.jpa.DataJpaTestContextBootstrapper=true}', contextCustomizers = set[[ImportsContextCustomizer@26adfd2d key = [org.springframework.boot.autoconfigure.cache.CacheAutoConfiguration, org.springframework.boot.autoconfigure.data.jpa.JpaRepositoriesAutoConfiguration, org.springframework.boot.autoconfigure.flyway.FlywayAutoConfiguration, org.springframework.boot.autoconfigure.jdbc.DataSourceAutoConfiguration, org.springframework.boot.autoconfigure.jdbc.DataSourceTransactionManagerAutoConfiguration, org.springframework.boot.autoconfigure.jdbc.JdbcTemplateAutoConfiguration, org.springframework.boot.autoconfigure.liquibase.LiquibaseAutoConfiguration, org.springframework.boot.autoconfigure.orm.jpa.HibernateJpaAutoConfiguration, org.springframework.boot.autoconfigure.transaction.TransactionAutoConfiguration, org.springframework.boot.test.autoconfigure.jdbc.TestDatabaseAutoConfiguration, org.springframework.boot.test.autoconfigure.orm.jpa.TestEntityManagerAutoConfiguration]], org.springframework.boot.test.context.filter.ExcludeFilterContextCustomizer@1e0b4072, org.springframework.boot.test.json.DuplicateJsonObjectContextCustomizerFactory$DuplicateJsonObjectContextCustomizer@4b45a2f5, org.springframework.boot.test.mock.mockito.MockitoContextCustomizer@0, org.springframework.boot.test.autoconfigure.OverrideAutoConfigurationContextCustomizerFactory$DisableAutoConfigurationContextCustomizer@3e27aa33, org.springframework.boot.test.autoconfigure.filter.TypeExcludeFiltersContextCustomizer@8c5e899a, org.springframework.boot.test.autoconfigure.properties.PropertyMappingContextCustomizer@2d38751a, org.springframework.boot.test.autoconfigure.web.servlet.WebDriverContextCustomizerFactory$Customizer@cb0755b], contextLoader = 'org.springframework.boot.test.context.SpringBootContextLoader', parent = [null]], attributes = map[[empty]]]
]]></system-out>
  </testcase>
  <testcase name="addPlayer(Player)[4]" classname="com.luckyl.wargame.service.PlayerServiceImplTest" time="0.482">
    <system-out><![CDATA[2020-12-02 23:19:28.791  INFO 43721 --- [           main] j.LocalContainerEntityManagerFactoryBean : Closing JPA EntityManagerFactory for persistence unit 'default'
2020-12-02 23:19:28.791  INFO 43721 --- [           main] .SchemaDropperImpl$DelayedDropActionImpl : HHH000477: Starting delayed evictData of schema as part of SessionFactory shut-down'
2020-12-02 23:19:28.791 DEBUG 43721 --- [           main] org.hibernate.SQL                        : drop table location if exists
Hibernate: drop table location if exists
2020-12-02 23:19:28.794 DEBUG 43721 --- [           main] org.hibernate.SQL                        : drop table piece if exists
Hibernate: drop table piece if exists
2020-12-02 23:19:28.795 DEBUG 43721 --- [           main] org.hibernate.SQL                        : drop table player if exists
Hibernate: drop table player if exists

  .   ____          _            __ _ _
 /\\ / ___'_ __ _ _(_)_ __  __ _ \ \ \ \
( ( )\___ | '_ | '_| | '_ \/ _` | \ \ \ \
 \\/  ___)| |_)| | | | | || (_| |  ) ) ) )
  '  |____| .__|_| |_|_| |_\__, | / / / /
 =========|_|==============|___/=/_/_/_/
 :: Spring Boot ::        (v2.2.6.RELEASE)

2020-12-02 23:19:28.822  INFO 43721 --- [           main] c.l.w.service.PlayerServiceImplTest      : Starting PlayerServiceImplTest on Aprils-MacBook-Air.local with PID 43721 (started by kevinapril in /Users/kevinapril/git/wargame/wargame-service)
2020-12-02 23:19:28.822  INFO 43721 --- [           main] c.l.w.service.PlayerServiceImplTest      : No active profile set, falling back to default profiles: default
2020-12-02 23:19:28.914  INFO 43721 --- [           main] .s.d.r.c.RepositoryConfigurationDelegate : Bootstrapping Spring Data JPA repositories in DEFAULT mode.
2020-12-02 23:19:28.929  INFO 43721 --- [           main] .s.d.r.c.RepositoryConfigurationDelegate : Finished Spring Data repository scanning in 15ms. Found 3 JPA repository interfaces.
2020-12-02 23:19:28.942  INFO 43721 --- [           main] beddedDataSourceBeanFactoryPostProcessor : Replacing 'dataSource' DataSource bean with embedded version
2020-12-02 23:19:28.959  INFO 43721 --- [           main] o.s.j.d.e.EmbeddedDatabaseFactory        : Starting embedded database: url='jdbc:h2:mem:064e5981-c27d-4e80-b218-b5b6c3494469;DB_CLOSE_DELAY=-1;DB_CLOSE_ON_EXIT=false', username='sa'
2020-12-02 23:19:29.025  INFO 43721 --- [           main] o.hibernate.jpa.internal.util.LogHelper  : HHH000204: Processing PersistenceUnitInfo [name: default]
2020-12-02 23:19:29.030  INFO 43721 --- [           main] org.hibernate.dialect.Dialect            : HHH000400: Using dialect: org.hibernate.dialect.H2Dialect
2020-12-02 23:19:29.093 DEBUG 43721 --- [           main] org.hibernate.SQL                        : drop table location if exists
Hibernate: drop table location if exists
2020-12-02 23:19:29.094 DEBUG 43721 --- [           main] org.hibernate.SQL                        : drop table piece if exists
Hibernate: drop table piece if exists
2020-12-02 23:19:29.094 DEBUG 43721 --- [           main] org.hibernate.SQL                        : drop table player if exists
Hibernate: drop table player if exists
2020-12-02 23:19:29.094 DEBUG 43721 --- [           main] org.hibernate.SQL                        : create table location (piece_col integer not null, piece_row integer not null, version bigint, piece_color varchar(255), piece_rank integer, primary key (piece_col, piece_row))
Hibernate: create table location (piece_col integer not null, piece_row integer not null, version bigint, piece_color varchar(255), piece_rank integer, primary key (piece_col, piece_row))
[...]
2020-12-02 23:19:35.450 DEBUG 43721 --- [           main] org.hibernate.SQL                        : insert into player (color, name, version, wins, id) values (?, ?, ?, ?, ?)
Hibernate: insert into player (color, name, version, wins, id) values (?, ?, ?, ?, ?)
2020-12-02 23:19:35.451 TRACE 43721 --- [           main] o.h.type.descriptor.sql.BasicBinder      : binding parameter [1] as [VARCHAR] - [#FFFFFF]
2020-12-02 23:19:35.451 TRACE 43721 --- [           main] o.h.type.descriptor.sql.BasicBinder      : binding parameter [2] as [VARCHAR] - [Kalina]
2020-12-02 23:19:35.451 TRACE 43721 --- [           main] o.h.type.descriptor.sql.BasicBinder      : binding parameter [3] as [BIGINT] - [0]
2020-12-02 23:19:35.451 TRACE 43721 --- [           main] o.h.type.descriptor.sql.BasicBinder      : binding parameter [4] as [INTEGER] - [0]
2020-12-02 23:19:35.451 TRACE 43721 --- [           main] o.h.type.descriptor.sql.BasicBinder      : binding parameter [5] as [BINARY] - [69da1bbb-c144-425b-af81-58acc2853587]
2020-12-02 23:19:35.452 DEBUG 43721 --- [           main] org.hibernate.SQL                        : insert into player (color, name, version, wins, id) values (?, ?, ?, ?, ?)
Hibernate: insert into player (color, name, version, wins, id) values (?, ?, ?, ?, ?)
2020-12-02 23:19:35.452 TRACE 43721 --- [           main] o.h.type.descriptor.sql.BasicBinder      : binding parameter [1] as [VARCHAR] - [#FFFFFF]
2020-12-02 23:19:35.452 TRACE 43721 --- [           main] o.h.type.descriptor.sql.BasicBinder      : binding parameter [2] as [VARCHAR] - [Kalina]
2020-12-02 23:19:35.452 TRACE 43721 --- [           main] o.h.type.descriptor.sql.BasicBinder      : binding parameter [3] as [BIGINT] - [0]
2020-12-02 23:19:35.452 TRACE 43721 --- [           main] o.h.type.descriptor.sql.BasicBinder      : binding parameter [4] as [INTEGER] - [0]
2020-12-02 23:19:35.452 TRACE 43721 --- [           main] o.h.type.descriptor.sql.BasicBinder      : binding parameter [5] as [BINARY] - [358bd32c-e468-49ae-be12-9a72038a7c98]
2020-12-02 23:19:35.453 DEBUG 43721 --- [           main] org.hibernate.SQL                        : select player0_.id as id1_2_, player0_.color as color2_2_, player0_.name as name3_2_, player0_.version as version4_2_, player0_.wins as wins5_2_ from player player0_ where player0_.name=?
Hibernate: select player0_.id as id1_2_, player0_.color as color2_2_, player0_.name as name3_2_, player0_.version as version4_2_, player0_.wins as wins5_2_ from player player0_ where player0_.name=?
2020-12-02 23:19:35.453 TRACE 43721 --- [           main] o.h.type.descriptor.sql.BasicBinder      : binding parameter [1] as [VARCHAR] - [Kalina]
2020-12-02 23:19:35.457  INFO 43721 --- [           main] o.s.t.c.transaction.TransactionContext   : Rolled back transaction for test: [DefaultTestContext@2bec854f testClass = PlayerServiceImplTest, testInstance = com.luckyl.wargame.service.PlayerServiceImplTest@243dc57b, testMethod = addPlayer_preExisting@PlayerServiceImplTest, testException = java.lang.AssertionError: 
Expected size:<1> but was:<2> in:
<[Player(id=69da1bbb-c144-425b-af81-58acc2853587, version=0, name=Kalina, color=#FFFFFF, wins=0),
    Player(id=358bd32c-e468-49ae-be12-9a72038a7c98, version=0, name=Kalina, color=#FFFFFF, wins=0)]>, mergedContextConfiguration = [MergedContextConfiguration@31edaa7d testClass = PlayerServiceImplTest, locations = '{}', classes = '{class com.luckyl.wargame.TestApplication}', contextInitializerClasses = '[]', activeProfiles = '{}', propertySourceLocations = '{}', propertySourceProperties = '{logging.level.org.hibernate.SQL=DEBUG, logging.level.org.hibernate.type.descriptor.sql.BasicBinder=TRACE, org.springframework.boot.test.autoconfigure.orm.jpa.DataJpaTestContextBootstrapper=true}', contextCustomizers = set[[ImportsContextCustomizer@26adfd2d key = [org.springframework.boot.autoconfigure.cache.CacheAutoConfiguration, org.springframework.boot.autoconfigure.data.jpa.JpaRepositoriesAutoConfiguration, org.springframework.boot.autoconfigure.flyway.FlywayAutoConfiguration, org.springframework.boot.autoconfigure.jdbc.DataSourceAutoConfiguration, org.springframework.boot.autoconfigure.jdbc.DataSourceTransactionManagerAutoConfiguration, org.springframework.boot.autoconfigure.jdbc.JdbcTemplateAutoConfiguration, org.springframework.boot.autoconfigure.liquibase.LiquibaseAutoConfiguration, org.springframework.boot.autoconfigure.orm.jpa.HibernateJpaAutoConfiguration, org.springframework.boot.autoconfigure.transaction.TransactionAutoConfiguration, org.springframework.boot.test.autoconfigure.jdbc.TestDatabaseAutoConfiguration, org.springframework.boot.test.autoconfigure.orm.jpa.TestEntityManagerAutoConfiguration]], org.springframework.boot.test.context.filter.ExcludeFilterContextCustomizer@1e0b4072, org.springframework.boot.test.json.DuplicateJsonObjectContextCustomizerFactory$DuplicateJsonObjectContextCustomizer@4b45a2f5, org.springframework.boot.test.mock.mockito.MockitoContextCustomizer@0, org.springframework.boot.test.autoconfigure.OverrideAutoConfigurationContextCustomizerFactory$DisableAutoConfigurationContextCustomizer@3e27aa33, org.springframework.boot.test.autoconfigure.filter.TypeExcludeFiltersContextCustomizer@8c5e899a, org.springframework.boot.test.autoconfigure.properties.PropertyMappingContextCustomizer@2d38751a, org.springframework.boot.test.autoconfigure.web.servlet.WebDriverContextCustomizerFactory$Customizer@cb0755b], contextLoader = 'org.springframework.boot.test.context.SpringBootContextLoader', parent = [null]], attributes = map[[empty]]]
]]></system-out>
  </testcase>
  <testcase name="addPlayer_preExisting(Player)[10]" classname="com.luckyl.wargame.service.PlayerServiceImplTest" time="0.462">
    <failure type="java.lang.AssertionError"><![CDATA[java.lang.AssertionError: 

Expected size:<1> but was:<2> in:
<[Player(id=6bc3719a-ff99-4ed6-9c6b-a593ef355fdd, version=0, name=Perry, color=#FFFFFF, wins=1),
    Player(id=e91a6e71-2206-4337-994f-d3a7ce3f776f, version=0, name=Perry, color=#FFFFFF, wins=1)]>
	at com.luckyl.wargame.service.PlayerServiceImplTest.addPlayer_preExisting(PlayerServiceImplTest.java:66)
]]></failure>
    <system-out><![CDATA[2020-12-02 23:19:35.467  INFO 43721 --- [           main] j.LocalContainerEntityManagerFactoryBean : Closing JPA EntityManagerFactory for persistence unit 'default'
2020-12-02 23:19:35.467  INFO 43721 --- [           main] .SchemaDropperImpl$DelayedDropActionImpl : HHH000477: Starting delayed evictData of schema as part of SessionFactory shut-down'
2020-12-02 23:19:35.467 DEBUG 43721 --- [           main] org.hibernate.SQL                        : drop table location if exists
Hibernate: drop table location if exists
2020-12-02 23:19:35.490 DEBUG 43721 --- [           main] org.hibernate.SQL                        : drop table piece if exists
Hibernate: drop table piece if exists
2020-12-02 23:19:35.490 DEBUG 43721 --- [           main] org.hibernate.SQL                        : drop table player if exists
Hibernate: drop table player if exists

  .   ____          _            __ _ _
 /\\ / ___'_ __ _ _(_)_ __  __ _ \ \ \ \
( ( )\___ | '_ | '_| | '_ \/ _` | \ \ \ \
 \\/  ___)| |_)| | | | | || (_| |  ) ) ) )
  '  |____| .__|_| |_|_| |_\__, | / / / /
 =========|_|==============|___/=/_/_/_/
 :: Spring Boot ::        (v2.2.6.RELEASE)

2020-12-02 23:19:35.512  INFO 43721 --- [           main] c.l.w.service.PlayerServiceImplTest      : Starting PlayerServiceImplTest on Aprils-MacBook-Air.local with PID 43721 (started by kevinapril in /Users/kevinapril/git/wargame/wargame-service)
2020-12-02 23:19:35.512  INFO 43721 --- [           main] c.l.w.service.PlayerServiceImplTest      : No active profile set, falling back to default profiles: default
2020-12-02 23:19:35.588  INFO 43721 --- [           main] .s.d.r.c.RepositoryConfigurationDelegate : Bootstrapping Spring Data JPA repositories in DEFAULT mode.
2020-12-02 23:19:35.600  INFO 43721 --- [           main] .s.d.r.c.RepositoryConfigurationDelegate : Finished Spring Data repository scanning in 11ms. Found 3 JPA repository interfaces.
2020-12-02 23:19:35.608  INFO 43721 --- [           main] beddedDataSourceBeanFactoryPostProcessor : Replacing 'dataSource' DataSource bean with embedded version
2020-12-02 23:19:35.623  INFO 43721 --- [           main] o.s.j.d.e.EmbeddedDatabaseFactory        : Starting embedded database: url='jdbc:h2:mem:bb23bbe5-dc66-4ecc-a663-9efdf7d5b1a5;DB_CLOSE_DELAY=-1;DB_CLOSE_ON_EXIT=false', username='sa'
2020-12-02 23:19:35.671  INFO 43721 --- [           main] o.hibernate.jpa.internal.util.LogHelper  : HHH000204: Processing PersistenceUnitInfo [name: default]
2020-12-02 23:19:35.675  INFO 43721 --- [           main] org.hibernate.dialect.Dialect            : HHH000400: Using dialect: org.hibernate.dialect.H2Dialect
2020-12-02 23:19:35.725 DEBUG 43721 --- [           main] org.hibernate.SQL                        : drop table location if exists
Hibernate: drop table location if exists
2020-12-02 23:19:35.726 DEBUG 43721 --- [           main] org.hibernate.SQL                        : drop table piece if exists
Hibernate: drop table piece if exists
2020-12-02 23:19:35.726 DEBUG 43721 --- [           main] org.hibernate.SQL                        : drop table player if exists
Hibernate: drop table player if exists
2020-12-02 23:19:35.726 DEBUG 43721 --- [           main] org.hibernate.SQL                        : create table location (piece_col integer not null, piece_row integer not null, version bigint, piece_color varchar(255), piece_rank integer, primary key (piece_col, piece_row))
Hibernate: create table location (piece_col integer not null, piece_row integer not null, version bigint, piece_color varchar(255), piece_rank integer, primary key (piece_col, piece_row))
2020-12-02 23:19:35.727 DEBUG 43721 --- [           main] org.hibernate.SQL                        : create table piece (color varchar(255) not null, rank integer not null, current_count integer, max_count integer, version bigint, primary key (color, rank))
Hibernate: create table piece (color varchar(255) not null, rank integer not null, current_count integer, max_count integer, version bigint, primary key (color, rank))
2020-12-02 23:19:35.729 DEBUG 43721 --- [           main] org.hibernate.SQL                        : create table player (id binary not null, color varchar(255), name varchar(255), version bigint, wins integer, primary key (id))
Hibernate: create table player (id binary not null, color varchar(255), name varchar(255), version bigint, wins integer, primary key (id))
2020-12-02 23:19:35.729 DEBUG 43721 --- [           main] org.hibernate.SQL                        : alter table location add constraint FKh7n4c5044va5r87h6dxrbbbcq foreign key (piece_color, piece_rank) references piece
Hibernate: alter table location add constraint FKh7n4c5044va5r87h6dxrbbbcq foreign key (piece_color, piece_rank) references piece
2020-12-02 23:19:35.736  INFO 43721 --- [           main] o.h.e.t.j.p.i.JtaPlatformInitiator       : HHH000490: Using JtaPlatform implementation: [org.hibernate.engine.transaction.jta.platform.internal.NoJtaPlatform]
2020-12-02 23:19:35.736  INFO 43721 --- [           main] j.LocalContainerEntityManagerFactoryBean : Initialized JPA EntityManagerFactory for persistence unit 'default'
2020-12-02 23:19:35.910  INFO 43721 --- [           main] c.l.w.service.PlayerServiceImplTest      : Started PlayerServiceImplTest in 0.416 seconds (JVM running for 15.2)
2020-12-02 23:19:35.913  INFO 43721 --- [           main] o.s.t.c.transaction.TransactionContext   : Began transaction (1) for test context [DefaultTestContext@2bec854f testClass = PlayerServiceImplTest, testInstance = com.luckyl.wargame.service.PlayerServiceImplTest@84ab902, testMethod = addPlayer_preExisting@PlayerServiceImplTest, testException = [null], mergedContextConfiguration = [MergedContextConfiguration@31edaa7d testClass = PlayerServiceImplTest, locations = '{}', classes = '{class com.luckyl.wargame.TestApplication}', contextInitializerClasses = '[]', activeProfiles = '{}', propertySourceLocations = '{}', propertySourceProperties = '{logging.level.org.hibernate.SQL=DEBUG, logging.level.org.hibernate.type.descriptor.sql.BasicBinder=TRACE, org.springframework.boot.test.autoconfigure.orm.jpa.DataJpaTestContextBootstrapper=true}', contextCustomizers = set[[ImportsContextCustomizer@26adfd2d key = [org.springframework.boot.autoconfigure.cache.CacheAutoConfiguration, org.springframework.boot.autoconfigure.data.jpa.JpaRepositoriesAutoConfiguration, org.springframework.boot.autoconfigure.flyway.FlywayAutoConfiguration, org.springframework.boot.autoconfigure.jdbc.DataSourceAutoConfiguration, org.springframework.boot.autoconfigure.jdbc.DataSourceTransactionManagerAutoConfiguration, org.springframework.boot.autoconfigure.jdbc.JdbcTemplateAutoConfiguration, org.springframework.boot.autoconfigure.liquibase.LiquibaseAutoConfiguration, org.springframework.boot.autoconfigure.orm.jpa.HibernateJpaAutoConfiguration, org.springframework.boot.autoconfigure.transaction.TransactionAutoConfiguration, org.springframework.boot.test.autoconfigure.jdbc.TestDatabaseAutoConfiguration, org.springframework.boot.test.autoconfigure.orm.jpa.TestEntityManagerAutoConfiguration]], org.springframework.boot.test.context.filter.ExcludeFilterContextCustomizer@1e0b4072, org.springframework.boot.test.json.DuplicateJsonObjectContextCustomizerFactory$DuplicateJsonObjectContextCustomizer@4b45a2f5, org.springframework.boot.test.mock.mockito.MockitoContextCustomizer@0, org.springframework.boot.test.autoconfigure.OverrideAutoConfigurationContextCustomizerFactory$DisableAutoConfigurationContextCustomizer@3e27aa33, org.springframework.boot.test.autoconfigure.filter.TypeExcludeFiltersContextCustomizer@8c5e899a, org.springframework.boot.test.autoconfigure.properties.PropertyMappingContextCustomizer@2d38751a, org.springframework.boot.test.autoconfigure.web.servlet.WebDriverContextCustomizerFactory$Customizer@cb0755b], contextLoader = 'org.springframework.boot.test.context.SpringBootContextLoader', parent = [null]], attributes = map[[empty]]]; transaction manager [org.springframework.orm.jpa.JpaTransactionManager@4dbd1fdb]; rollback [true]
2020-12-02 23:19:35.918 DEBUG 43721 --- [           main] org.hibernate.SQL                        : insert into player (color, name, version, wins, id) values (?, ?, ?, ?, ?)
Hibernate: insert into player (color, name, version, wins, id) values (?, ?, ?, ?, ?)
2020-12-02 23:19:35.918 TRACE 43721 --- [           main] o.h.type.descriptor.sql.BasicBinder      : binding parameter [1] as [VARCHAR] - [#FFFFFF]
2020-12-02 23:19:35.918 TRACE 43721 --- [           main] o.h.type.descriptor.sql.BasicBinder      : binding parameter [2] as [VARCHAR] - [Perry]
2020-12-02 23:19:35.918 TRACE 43721 --- [           main] o.h.type.descriptor.sql.BasicBinder      : binding parameter [3] as [BIGINT] - [0]
2020-12-02 23:19:35.918 TRACE 43721 --- [           main] o.h.type.descriptor.sql.BasicBinder      : binding parameter [4] as [INTEGER] - [1]
2020-12-02 23:19:35.918 TRACE 43721 --- [           main] o.h.type.descriptor.sql.BasicBinder      : binding parameter [5] as [BINARY] - [6bc3719a-ff99-4ed6-9c6b-a593ef355fdd]
2020-12-02 23:19:35.919 DEBUG 43721 --- [           main] org.hibernate.SQL                        : insert into player (color, name, version, wins, id) values (?, ?, ?, ?, ?)
Hibernate: insert into player (color, name, version, wins, id) values (?, ?, ?, ?, ?)
2020-12-02 23:19:35.919 TRACE 43721 --- [           main] o.h.type.descriptor.sql.BasicBinder      : binding parameter [1] as [VARCHAR] - [#FFFFFF]
2020-12-02 23:19:35.919 TRACE 43721 --- [           main] o.h.type.descriptor.sql.BasicBinder      : binding parameter [2] as [VARCHAR] - [Perry]
2020-12-02 23:19:35.919 TRACE 43721 --- [           main] o.h.type.descriptor.sql.BasicBinder      : binding parameter [3] as [BIGINT] - [0]
2020-12-02 23:19:35.919 TRACE 43721 --- [           main] o.h.type.descriptor.sql.BasicBinder      : binding parameter [4] as [INTEGER] - [1]
2020-12-02 23:19:35.919 TRACE 43721 --- [           main] o.h.type.descriptor.sql.BasicBinder      : binding parameter [5] as [BINARY] - [e91a6e71-2206-4337-994f-d3a7ce3f776f]
2020-12-02 23:19:35.919 DEBUG 43721 --- [           main] org.hibernate.SQL                        : select player0_.id as id1_2_, player0_.color as color2_2_, player0_.name as name3_2_, player0_.version as version4_2_, player0_.wins as wins5_2_ from player player0_ where player0_.name=?
Hibernate: select player0_.id as id1_2_, player0_.color as color2_2_, player0_.name as name3_2_, player0_.version as version4_2_, player0_.wins as wins5_2_ from player player0_ where player0_.name=?
2020-12-02 23:19:35.920 TRACE 43721 --- [           main] o.h.type.descriptor.sql.BasicBinder      : binding parameter [1] as [VARCHAR] - [Perry]
2020-12-02 23:19:35.922  INFO 43721 --- [           main] o.s.t.c.transaction.TransactionContext   : Rolled back transaction for test: [DefaultTestContext@2bec854f testClass = PlayerServiceImplTest, testInstance = com.luckyl.wargame.service.PlayerServiceImplTest@84ab902, testMethod = addPlayer_preExisting@PlayerServiceImplTest, testException = java.lang.AssertionError: 
Expected size:<1> but was:<2> in:
<[Player(id=6bc3719a-ff99-4ed6-9c6b-a593ef355fdd, version=0, name=Perry, color=#FFFFFF, wins=1),
    Player(id=e91a6e71-2206-4337-994f-d3a7ce3f776f, version=0, name=Perry, color=#FFFFFF, wins=1)]>, mergedContextConfiguration = [MergedContextConfiguration@31edaa7d testClass = PlayerServiceImplTest, locations = '{}', classes = '{class com.luckyl.wargame.TestApplication}', contextInitializerClasses = '[]', activeProfiles = '{}', propertySourceLocations = '{}', propertySourceProperties = '{logging.level.org.hibernate.SQL=DEBUG, logging.level.org.hibernate.type.descriptor.sql.BasicBinder=TRACE, org.springframework.boot.test.autoconfigure.orm.jpa.DataJpaTestContextBootstrapper=true}', contextCustomizers = set[[ImportsContextCustomizer@26adfd2d key = [org.springframework.boot.autoconfigure.cache.CacheAutoConfiguration, org.springframework.boot.autoconfigure.data.jpa.JpaRepositoriesAutoConfiguration, org.springframework.boot.autoconfigure.flyway.FlywayAutoConfiguration, org.springframework.boot.autoconfigure.jdbc.DataSourceAutoConfiguration, org.springframework.boot.autoconfigure.jdbc.DataSourceTransactionManagerAutoConfiguration, org.springframework.boot.autoconfigure.jdbc.JdbcTemplateAutoConfiguration, org.springframework.boot.autoconfigure.liquibase.LiquibaseAutoConfiguration, org.springframework.boot.autoconfigure.orm.jpa.HibernateJpaAutoConfiguration, org.springframework.boot.autoconfigure.transaction.TransactionAutoConfiguration, org.springframework.boot.test.autoconfigure.jdbc.TestDatabaseAutoConfiguration, org.springframework.boot.test.autoconfigure.orm.jpa.TestEntityManagerAutoConfiguration]], org.springframework.boot.test.context.filter.ExcludeFilterContextCustomizer@1e0b4072, org.springframework.boot.test.json.DuplicateJsonObjectContextCustomizerFactory$DuplicateJsonObjectContextCustomizer@4b45a2f5, org.springframework.boot.test.mock.mockito.MockitoContextCustomizer@0, org.springframework.boot.test.autoconfigure.OverrideAutoConfigurationContextCustomizerFactory$DisableAutoConfigurationContextCustomizer@3e27aa33, org.springframework.boot.test.autoconfigure.filter.TypeExcludeFiltersContextCustomizer@8c5e899a, org.springframework.boot.test.autoconfigure.properties.PropertyMappingContextCustomizer@2d38751a, org.springframework.boot.test.autoconfigure.web.servlet.WebDriverContextCustomizerFactory$Customizer@cb0755b], contextLoader = 'org.springframework.boot.test.context.SpringBootContextLoader', parent = [null]], attributes = map[[empty]]]
]]></system-out>
  </testcase>
</testsuite>